#
# A fatal error has been detected by the Java Runtime Environment:
#
#  SIGSEGV (0xb) at pc=0x60d65810, pid=1186, tid=0x614e7470
#
# JRE version: Java(TM) SE Runtime Environment (8.0_151-b12) (build 1.8.0_151-b12)
# Java VM: Java HotSpot(TM) Client VM (25.151-b12 mixed mode linux-arm )
# Problematic frame:
# C  [libR.so+0x111810]
#
# Failed to write core dump. Core dumps have been disabled. To enable core dumping, try "ulimit -c unlimited" before starting Java again
#
# If you would like to submit a bug report, please visit:
#   http://bugreport.java.com/bugreport/crash.jsp
# The crash happened outside the Java Virtual Machine in native code.
# See problematic frame for where to report the bug.
#

---------------  T H R E A D  ---------------

Current thread (0x762b4c00):  JavaThread "Thread-2" [_thread_in_native, id=1207, stack(0x61498000,0x614e8000)]

siginfo: si_signo: 11 (SIGSEGV), si_code: 1 (SEGV_MAPERR), si_addr: 0x0000000c

Registers:
  r0  = 0x60ebfb88
  r1  = 0x00000000
  r2  = 0x00000001
  r3  = 0x018d67f0
  r4  = 0x00000020
  r5  = 0x0000003e
  r6  = 0x018d67e8
  r7  = 0x00000001
  r8  = 0x60ebfad0
  r9  = 0x00000001
  r10 = 0x00000001
  fp  = 0x60eab694
  r12 = 0x00000000
  sp  = 0x614e67d8
  lr  = 0x00000001
  pc  = 0x60d65810
  cpsr = 0x20000010

Top of Stack: (sp=0x614e67d8)
0x614e67d8:   00000001 00000010 60ea8000 60ebfb88
0x614e67e8:   00000000 00000001 00000001 60d66da8
0x614e67f8:   00000000 60eab690 00600000 00000000
0x614e6808:   614e690c 88f30342 4022b0b8 00000000
0x614e6818:   00000000 762b4d3c 614e691c 6141c000
0x614e6828:   01949090 614e6920 61224ab0 762b4c00
0x614e6838:   614e690c 614095d8 6141c000 76ffdce8
0x614e6848:   00000000 00000001 614e6920 61408338 

Instructions: (pc=0x60d65810)
0x60d657f0:   e59010b4 e2822001 e58020b0 e5861000
0x60d65800:   e58060b4 e590c008 08bd87f0 e2077007
0x60d65810:   e59c600c e1a07287 e3a0e000 e5989688
0x60d65820:   e59010ac e28ee001 e1a02189 e2811001 

Register to memory mapping:

  r0  = 0x60ebfb88
0x60ebfb88: <offset 0x26bb88> in /usr/lib/libR.so at 0x60c54000

  r1  = 0x00000000
0x00000000 is an unknown value

  r2  = 0x00000001
0x00000001 is an unknown value

  r3  = 0x018d67f0
0x018d67f0 is an unknown value

  r4  = 0x00000020
0x00000020 is an unknown value

  r5  = 0x0000003e
0x0000003e is an unknown value

  r6  = 0x018d67e8
0x018d67e8 is an unknown value

  r7  = 0x00000001
0x00000001 is an unknown value

  r8  = 0x60ebfad0
0x60ebfad0: <offset 0x26bad0> in /usr/lib/libR.so at 0x60c54000

  r9  = 0x00000001
0x00000001 is an unknown value

  r10 = 0x00000001
0x00000001 is an unknown value

  fp  = 0x60eab694
0x60eab694: <offset 0x257694> in /usr/lib/libR.so at 0x60c54000

  r12 = 0x00000000
0x00000000 is an unknown value

  sp  = 0x614e67d8
0x614e67d8 is pointing into the stack for thread: 0x762b4c00

  lr  = 0x00000001
0x00000001 is an unknown value

  pc  = 0x60d65810
0x60d65810: <offset 0x111810> in /usr/lib/libR.so at 0x60c54000



Stack: [0x61498000,0x614e8000],  sp=0x614e67d8,  free space=313k
Native frames: (J=compiled Java code, j=interpreted, Vv=VM code, C=native code)
C  [libR.so+0x111810]

Java frames: (J=compiled Java code, j=interpreted, Vv=VM code)
j  org.rosuda.JRI.Rengine.rniParse(Ljava/lang/String;I)J+0
j  org.rosuda.JRI.Rengine.eval(Ljava/lang/String;Z)Lorg/rosuda/JRI/REXP;+53
j  org.rosuda.JRI.Rengine.eval(Ljava/lang/String;)Lorg/rosuda/JRI/REXP;+3
j  org.yamaLab.pukiwikiCommunicator.Rprogram.runProgram(Ljava/lang/String;)V+92
j  org.yamaLab.pukiwikiCommunicator.Rprogram.parseCommand(Ljava/lang/String;)Ljava/lang/String;+32
j  org.yamaLab.pukiwikiCommunicator.MainController.parseInputCommand(Ljava/lang/String;)Z+441
j  org.yamaLab.pukiwikiCommunicator.MainController.execCommands()V+102
j  org.yamaLab.pukiwikiCommunicator.MainController.setInput(Ljava/lang/String;)V+933
j  org.yamaLab.pukiwikiCommunicator.connector.SaveButtonDebugFrame.readFromPukiwikiPageAndSetData(Ljava/lang/String;)Ljava/lang/String;+142
j  org.yamaLab.pukiwikiCommunicator.MainController$1.run()V+29
v  ~StubRoutines::call_stub

---------------  P R O C E S S  ---------------

Java Threads: ( => current thread )
=>0x762b4c00 JavaThread "Thread-2" [_thread_in_native, id=1207, stack(0x61498000,0x614e8000)]
  0x64c58000 JavaThread "PukiwikiCommunicator" [_thread_blocked, id=1206, stack(0x614e8000,0x61538000)]
  0x64ccf400 JavaThread "Pi4j" [_thread_blocked, id=1205, stack(0x61638000,0x61688000)]
  0x64c7ec00 JavaThread "TimerQueue" daemon [_thread_blocked, id=1203, stack(0x61faf000,0x61fff000)]
  0x76207800 JavaThread "DestroyJavaVM" [_thread_blocked, id=1191, stack(0x76329000,0x76379000)]
  0x6469f400 JavaThread "AWT-EventQueue-0" [_thread_in_Java, id=1202, stack(0x64100000,0x64150000)]
  0x6469e000 JavaThread "AWT-Shutdown" [_thread_blocked, id=1201, stack(0x64150000,0x641a0000)]
  0x6469c800 JavaThread "AWT-XAWT" daemon [_thread_in_native, id=1200, stack(0x641a0000,0x641f0000)]
  0x64687400 JavaThread "Java2D Disposer" daemon [_thread_blocked, id=1199, stack(0x6421e000,0x6426e000)]
  0x76283c00 JavaThread "Service Thread" daemon [_thread_blocked, id=1197, stack(0x64e10000,0x64e60000)]
  0x76280800 JavaThread "C1 CompilerThread0" daemon [_thread_blocked, id=1196, stack(0x64880000,0x64900000)]
  0x7627f000 JavaThread "Signal Dispatcher" daemon [_thread_blocked, id=1195, stack(0x64e60000,0x64eb0000)]
  0x76265000 JavaThread "Finalizer" daemon [_thread_blocked, id=1194, stack(0x64eb0000,0x64f00000)]
  0x76262000 JavaThread "Reference Handler" daemon [_thread_blocked, id=1193, stack(0x65013000,0x65063000)]

Other Threads:
  0x7625d800 VMThread [stack: 0x65063000,0x650e3000] [id=1192]
  0x76285c00 WatcherThread [stack: 0x64800000,0x64880000] [id=1198]

VM state:not at safepoint (normal execution)

VM Mutex/Monitor currently owned by a thread: None

Heap:
 def new generation   total 4864K, used 1926K [0x65800000, 0x65d40000, 0x6a540000)
  eden space 4352K,  42% used [0x65800000, 0x659ca180, 0x65c40000)
  from space 512K,  18% used [0x65cc0000, 0x65cd78d8, 0x65d40000)
  to   space 512K,   0% used [0x65c40000, 0x65c40000, 0x65cc0000)
 tenured generation   total 11008K, used 3245K [0x6a540000, 0x6b000000, 0x74000000)
   the space 11008K,  29% used [0x6a540000, 0x6a86b5d8, 0x6a86b600, 0x6b000000)
 Metaspace       used 9555K, capacity 9741K, committed 9880K, reserved 10544K

Card table byte_map: [0x74034000,0x740a9000] byte_map_base: 0x73d08000

Polling page: 0x76ff7000

CodeCache: size=32768Kb used=1381Kb max_used=1381Kb free=31386Kb
 bounds [0x74129000, 0x74289000, 0x76129000]
 total_blobs=809 nmethods=547 adapters=194
 compilation: enabled

Compilation events (10 events):
Event: 9.339 Thread 0x76280800 nmethod 540 0x74280288 code [0x742803a0, 0x742807ac]
Event: 9.340 Thread 0x76280800  541   !         javax.swing.text.SegmentCache::releaseSegment (43 bytes)
Event: 9.341 Thread 0x76280800 nmethod 541 0x74280948 code [0x74280a40, 0x74280d44]
Event: 9.344 Thread 0x76280800  542             javax.swing.text.SegmentCache::getSharedSegment (7 bytes)
Event: 9.345 Thread 0x76280800 nmethod 542 0x74280e48 code [0x74280f30, 0x74280fc4]
Event: 9.346 Thread 0x76280800  543             javax.swing.text.SegmentCache::releaseSharedSegment (8 bytes)
Event: 9.349 Thread 0x76280800 nmethod 543 0x74281048 code [0x74281130, 0x742811d4]
Event: 9.354 Thread 0x76280800  544             javax.swing.text.GapContent::getPositionsInRange (176 bytes)
Event: 9.358 Thread 0x76280800 nmethod 544 0x74281288 code [0x742813d0, 0x74281734]
Event: 9.360 Thread 0x76280800  545             javax.swing.text.GapContent$UndoPosRef::<init> (23 bytes)

GC Heap History (10 events):
Event: 3.042 GC heap before
{Heap before GC invocations=0 (full 0):
 def new generation   total 4864K, used 4352K [0x65800000, 0x65d40000, 0x6a540000)
  eden space 4352K, 100% used [0x65800000, 0x65c40000, 0x65c40000)
  from space 512K,   0% used [0x65c40000, 0x65c40000, 0x65cc0000)
  to   space 512K,   0% used [0x65cc0000, 0x65cc0000, 0x65d40000)
 tenured generation   total 11008K, used 0K [0x6a540000, 0x6b000000, 0x74000000)
   the space 11008K,   0% used [0x6a540000, 0x6a540000, 0x6a540200, 0x6b000000)
 Metaspace       used 6446K, capacity 6649K, committed 6680K, reserved 7472K
Event: 3.091 GC heap after
Heap after GC invocations=1 (full 0):
 def new generation   total 4864K, used 512K [0x65800000, 0x65d40000, 0x6a540000)
  eden space 4352K,   0% used [0x65800000, 0x65800000, 0x65c40000)
  from space 512K, 100% used [0x65cc0000, 0x65d40000, 0x65d40000)
  to   space 512K,   0% used [0x65c40000, 0x65c40000, 0x65cc0000)
 tenured generation   total 11008K, used 937K [0x6a540000, 0x6b000000, 0x74000000)
   the space 11008K,   8% used [0x6a540000, 0x6a62a6c0, 0x6a62a800, 0x6b000000)
 Metaspace       used 6446K, capacity 6649K, committed 6680K, reserved 7472K
}
Event: 7.366 GC heap before
{Heap before GC invocations=1 (full 0):
 def new generation   total 4864K, used 4864K [0x65800000, 0x65d40000, 0x6a540000)
  eden space 4352K, 100% used [0x65800000, 0x65c40000, 0x65c40000)
  from space 512K, 100% used [0x65cc0000, 0x65d40000, 0x65d40000)
  to   space 512K,   0% used [0x65c40000, 0x65c40000, 0x65cc0000)
 tenured generation   total 11008K, used 937K [0x6a540000, 0x6b000000, 0x74000000)
   the space 11008K,   8% used [0x6a540000, 0x6a62a6c0, 0x6a62a800, 0x6b000000)
 Metaspace       used 8590K, capacity 8803K, committed 8856K, reserved 9520K
Event: 7.415 GC heap after
Heap after GC invocations=2 (full 0):
 def new generation   total 4864K, used 512K [0x65800000, 0x65d40000, 0x6a540000)
  eden space 4352K,   0% used [0x65800000, 0x65800000, 0x65c40000)
  from space 512K, 100% used [0x65c40000, 0x65cc0000, 0x65cc0000)
  to   space 512K,   0% used [0x65cc0000, 0x65cc0000, 0x65d40000)
 tenured generation   total 11008K, used 1968K [0x6a540000, 0x6b000000, 0x74000000)
   the space 11008K,  17% used [0x6a540000, 0x6a72c040, 0x6a72c200, 0x6b000000)
 Metaspace       used 8590K, capacity 8803K, committed 8856K, reserved 9520K
}
Event: 8.008 GC heap before
{Heap before GC invocations=2 (full 0):
 def new generation   total 4864K, used 4864K [0x65800000, 0x65d40000, 0x6a540000)
  eden space 4352K, 100% used [0x65800000, 0x65c40000, 0x65c40000)
  from space 512K, 100% used [0x65c40000, 0x65cc0000, 0x65cc0000)
  to   space 512K,   0% used [0x65cc0000, 0x65cc0000, 0x65d40000)
 tenured generation   total 11008K, used 1968K [0x6a540000, 0x6b000000, 0x74000000)
   the space 11008K,  17% used [0x6a540000, 0x6a72c040, 0x6a72c200, 0x6b000000)
 Metaspace       used 8900K, capacity 9096K, committed 9240K, reserved 9520K
Event: 8.042 GC heap after
Heap after GC invocations=3 (full 0):
 def new generation   total 4864K, used 512K [0x65800000, 0x65d40000, 0x6a540000)
  eden space 4352K,   0% used [0x65800000, 0x65800000, 0x65c40000)
  from space 512K, 100% used [0x65cc0000, 0x65d40000, 0x65d40000)
  to   space 512K,   0% used [0x65c40000, 0x65c40000, 0x65cc0000)
 tenured generation   total 11008K, used 2600K [0x6a540000, 0x6b000000, 0x74000000)
   the space 11008K,  23% used [0x6a540000, 0x6a7ca0d0, 0x6a7ca200, 0x6b000000)
 Metaspace       used 8900K, capacity 9096K, committed 9240K, reserved 9520K
}
Event: 8.902 GC heap before
{Heap before GC invocations=3 (full 0):
 def new generation   total 4864K, used 4861K [0x65800000, 0x65d40000, 0x6a540000)
  eden space 4352K,  99% used [0x65800000, 0x65c3f778, 0x65c40000)
  from space 512K, 100% used [0x65cc0000, 0x65d40000, 0x65d40000)
  to   space 512K,   0% used [0x65c40000, 0x65c40000, 0x65cc0000)
 tenured generation   total 11008K, used 2600K [0x6a540000, 0x6b000000, 0x74000000)
   the space 11008K,  23% used [0x6a540000, 0x6a7ca0d0, 0x6a7ca200, 0x6b000000)
 Metaspace       used 9520K, capacity 9709K, committed 9880K, reserved 10544K
Event: 8.924 GC heap after
Heap after GC invocations=4 (full 0):
 def new generation   total 4864K, used 512K [0x65800000, 0x65d40000, 0x6a540000)
  eden space 4352K,   0% used [0x65800000, 0x65800000, 0x65c40000)
  from space 512K, 100% used [0x65c40000, 0x65cc0000, 0x65cc0000)
  to   space 512K,   0% used [0x65cc0000, 0x65cc0000, 0x65d40000)
 tenured generation   total 11008K, used 2943K [0x6a540000, 0x6b000000, 0x74000000)
   the space 11008K,  26% used [0x6a540000, 0x6a81fd08, 0x6a81fe00, 0x6b000000)
 Metaspace       used 9520K, capacity 9709K, committed 9880K, reserved 10544K
}
Event: 9.073 GC heap before
{Heap before GC invocations=4 (full 0):
 def new generation   total 4864K, used 4858K [0x65800000, 0x65d40000, 0x6a540000)
  eden space 4352K,  99% used [0x65800000, 0x65c3eb10, 0x65c40000)
  from space 512K, 100% used [0x65c40000, 0x65cc0000, 0x65cc0000)
  to   space 512K,   0% used [0x65cc0000, 0x65cc0000, 0x65d40000)
 tenured generation   total 11008K, used 2943K [0x6a540000, 0x6b000000, 0x74000000)
   the space 11008K,  26% used [0x6a540000, 0x6a81fd08, 0x6a81fe00, 0x6b000000)
 Metaspace       used 9520K, capacity 9709K, committed 9880K, reserved 10544K
Event: 9.085 GC heap after
Heap after GC invocations=5 (full 0):
 def new generation   total 4864K, used 94K [0x65800000, 0x65d40000, 0x6a540000)
  eden space 4352K,   0% used [0x65800000, 0x65800000, 0x65c40000)
  from space 512K,  18% used [0x65cc0000, 0x65cd78d8, 0x65d40000)
  to   space 512K,   0% used [0x65c40000, 0x65c40000, 0x65cc0000)
 tenured generation   total 11008K, used 3245K [0x6a540000, 0x6b000000, 0x74000000)
   the space 11008K,  29% used [0x6a540000, 0x6a86b5d8, 0x6a86b600, 0x6b000000)
 Metaspace       used 9520K, capacity 9709K, committed 9880K, reserved 10544K
}

Deoptimization events (0 events):
No events

Internal exceptions (10 events):
Event: 0.188 Thread 0x76207800 Exception <a 'java/lang/NoSuchMethodError': Method sun.misc.Unsafe.prefetchRead(Ljava/lang/Object;J)V name or signature does not match> (0x65807160) thrown at [/HUDSON/workspace/8-2-build-glinux-arm-vfp-hflt/jdk8u151/9699/hotspot/src/share/vm/prims/jni.cp
Event: 0.720 Thread 0x76207800 Exception <a 'java/security/PrivilegedActionException'> (0x65895cc0) thrown at [/HUDSON/workspace/8-2-build-glinux-arm-vfp-hflt/jdk8u151/9699/hotspot/src/share/vm/prims/jvm.cpp, line 1390]
Event: 0.721 Thread 0x76207800 Exception <a 'java/security/PrivilegedActionException'> (0x65895ec0) thrown at [/HUDSON/workspace/8-2-build-glinux-arm-vfp-hflt/jdk8u151/9699/hotspot/src/share/vm/prims/jvm.cpp, line 1390]
Event: 0.724 Thread 0x76207800 Exception <a 'java/security/PrivilegedActionException'> (0x65897d30) thrown at [/HUDSON/workspace/8-2-build-glinux-arm-vfp-hflt/jdk8u151/9699/hotspot/src/share/vm/prims/jvm.cpp, line 1390]
Event: 0.724 Thread 0x76207800 Exception <a 'java/security/PrivilegedActionException'> (0x65897f30) thrown at [/HUDSON/workspace/8-2-build-glinux-arm-vfp-hflt/jdk8u151/9699/hotspot/src/share/vm/prims/jvm.cpp, line 1390]
Event: 1.140 Thread 0x76207800 Exception <a 'java/lang/NoSuchFieldError': method resolution failed> (0x65961cb8) thrown at [/HUDSON/workspace/8-2-build-glinux-arm-vfp-hflt/jdk8u151/9699/hotspot/src/share/vm/prims/methodHandles.cpp, line 1146]
Event: 1.155 Thread 0x76207800 Exception <a 'java/lang/NoSuchFieldError': method resolution failed> (0x6596e250) thrown at [/HUDSON/workspace/8-2-build-glinux-arm-vfp-hflt/jdk8u151/9699/hotspot/src/share/vm/prims/methodHandles.cpp, line 1146]
Event: 1.301 Thread 0x76207800 Exception <a 'java/io/FileNotFoundException'> (0x659e0228) thrown at [/HUDSON/workspace/8-2-build-glinux-arm-vfp-hflt/jdk8u151/9699/hotspot/src/share/vm/prims/jni.cpp, line 709]
Event: 1.302 Thread 0x76207800 Exception <a 'java/io/FileNotFoundException'> (0x659e0ac0) thrown at [/HUDSON/workspace/8-2-build-glinux-arm-vfp-hflt/jdk8u151/9699/hotspot/src/share/vm/prims/jni.cpp, line 709]
Event: 5.605 Thread 0x6469f400 Exception <a 'java/lang/UnsupportedOperationException': > (0x65be6528) thrown at [/HUDSON/workspace/8-2-build-glinux-arm-vfp-hflt/jdk8u151/9699/hotspot/src/share/vm/prims/jni.cpp, line 735]

Events (10 events):
Event: 9.282 loading class java/lang/ClassLoaderHelper
Event: 9.282 loading class java/lang/ClassLoaderHelper done
Event: 9.340 loading class org/rosuda/JRI/Mutex
Event: 9.340 loading class org/rosuda/JRI/Mutex done
Event: 9.345 Thread 0x018d3800 Thread added: 0x018d3800
Event: 9.346 Executing VM operation: RevokeBias
Event: 9.346 Executing VM operation: RevokeBias done
Event: 9.347 loading class org/yamaLab/pukiwikiCommunicator/language/Util
Event: 9.347 loading class org/yamaLab/pukiwikiCommunicator/language/Util done
Event: 9.347 Thread 0x018d3800 Thread exited: 0x018d3800


Dynamic libraries:
00008000-00009000 r-xp 00000000 b3:02 391097     /opt/jdk1.8.0_151/bin/java
00010000-00011000 rw-p 00000000 b3:02 391097     /opt/jdk1.8.0_151/bin/java
01891000-01959000 rw-p 00000000 00:00 0          [heap]
5ed0f000-5ed2b000 r-xp 00000000 b3:02 37340      /lib/arm-linux-gnueabihf/libtinfo.so.5.9
5ed2b000-5ed3b000 ---p 0001c000 b3:02 37340      /lib/arm-linux-gnueabihf/libtinfo.so.5.9
5ed3b000-5ed3d000 r--p 0001c000 b3:02 37340      /lib/arm-linux-gnueabihf/libtinfo.so.5.9
5ed3d000-5ed3e000 rw-p 0001e000 b3:02 37340      /lib/arm-linux-gnueabihf/libtinfo.so.5.9
5ed3e000-5ee6d000 r-xp 00000000 b3:02 148737     /usr/lib/arm-linux-gnueabihf/libstdc++.so.6.0.22
5ee6d000-5ee7d000 ---p 0012f000 b3:02 148737     /usr/lib/arm-linux-gnueabihf/libstdc++.so.6.0.22
5ee7d000-5ee82000 r--p 0012f000 b3:02 148737     /usr/lib/arm-linux-gnueabihf/libstdc++.so.6.0.22
5ee82000-5ee84000 rw-p 00134000 b3:02 148737     /usr/lib/arm-linux-gnueabihf/libstdc++.so.6.0.22
5ee84000-5ee86000 rw-p 00000000 00:00 0 
5ee86000-60702000 r-xp 00000000 b3:02 148518     /usr/lib/arm-linux-gnueabihf/libicudata.so.57.1
60702000-60711000 ---p 0187c000 b3:02 148518     /usr/lib/arm-linux-gnueabihf/libicudata.so.57.1
60711000-60712000 r--p 0187b000 b3:02 148518     /usr/lib/arm-linux-gnueabihf/libicudata.so.57.1
60712000-60713000 rw-p 0187c000 b3:02 148518     /usr/lib/arm-linux-gnueabihf/libicudata.so.57.1
60713000-60749000 r-xp 00000000 b3:02 503        /lib/arm-linux-gnueabihf/libreadline.so.7.0
60749000-60759000 ---p 00036000 b3:02 503        /lib/arm-linux-gnueabihf/libreadline.so.7.0
60759000-6075a000 r--p 00036000 b3:02 503        /lib/arm-linux-gnueabihf/libreadline.so.7.0
6075a000-6075e000 rw-p 00037000 b3:02 503        /lib/arm-linux-gnueabihf/libreadline.so.7.0
6075e000-6075f000 rw-p 00000000 00:00 0 
6075f000-60802000 r-xp 00000000 b3:02 148436     /usr/lib/arm-linux-gnueabihf/libgfortran.so.3.0.0
60802000-60812000 ---p 000a3000 b3:02 148436     /usr/lib/arm-linux-gnueabihf/libgfortran.so.3.0.0
60812000-60813000 r--p 000a3000 b3:02 148436     /usr/lib/arm-linux-gnueabihf/libgfortran.so.3.0.0
60813000-60814000 rw-p 000a4000 b3:02 148436     /usr/lib/arm-linux-gnueabihf/libgfortran.so.3.0.0
60814000-6086a000 r-xp 00000000 b3:02 151725     /usr/lib/libblas/libblas.so.3.7.0
6086a000-60879000 ---p 00056000 b3:02 151725     /usr/lib/libblas/libblas.so.3.7.0
60879000-6087a000 r--p 00055000 b3:02 151725     /usr/lib/libblas/libblas.so.3.7.0
6087a000-6087b000 rw-p 00056000 b3:02 151725     /usr/lib/libblas/libblas.so.3.7.0
6087b000-608a2000 r-xp 00000000 b3:02 148452     /usr/lib/arm-linux-gnueabihf/libgomp.so.1.0.0
608a2000-608b1000 ---p 00027000 b3:02 148452     /usr/lib/arm-linux-gnueabihf/libgomp.so.1.0.0
608b1000-608b2000 r--p 00026000 b3:02 148452     /usr/lib/arm-linux-gnueabihf/libgomp.so.1.0.0
608b2000-608b3000 rw-p 00027000 b3:02 148452     /usr/lib/arm-linux-gnueabihf/libgomp.so.1.0.0
608b3000-60aaa000 r-xp 00000000 b3:02 148519     /usr/lib/arm-linux-gnueabihf/libicui18n.so.57.1
60aaa000-60aba000 ---p 001f7000 b3:02 148519     /usr/lib/arm-linux-gnueabihf/libicui18n.so.57.1
60aba000-60ac1000 r--p 001f7000 b3:02 148519     /usr/lib/arm-linux-gnueabihf/libicui18n.so.57.1
60ac1000-60ac3000 rw-p 001fe000 b3:02 148519     /usr/lib/arm-linux-gnueabihf/libicui18n.so.57.1
60ac3000-60c11000 r-xp 00000000 b3:02 148525     /usr/lib/arm-linux-gnueabihf/libicuuc.so.57.1
60c11000-60c20000 ---p 0014e000 b3:02 148525     /usr/lib/arm-linux-gnueabihf/libicuuc.so.57.1
60c20000-60c2a000 r--p 0014d000 b3:02 148525     /usr/lib/arm-linux-gnueabihf/libicuuc.so.57.1
60c2a000-60c2b000 rw-p 00157000 b3:02 148525     /usr/lib/arm-linux-gnueabihf/libicuuc.so.57.1
60c2b000-60c2d000 rw-p 00000000 00:00 0 
60c2d000-60c43000 r-xp 00000000 b3:02 525        /lib/arm-linux-gnueabihf/libz.so.1.2.8
60c43000-60c52000 ---p 00016000 b3:02 525        /lib/arm-linux-gnueabihf/libz.so.1.2.8
60c52000-60c53000 r--p 00015000 b3:02 525        /lib/arm-linux-gnueabihf/libz.so.1.2.8
60c53000-60c54000 rw-p 00016000 b3:02 525        /lib/arm-linux-gnueabihf/libz.so.1.2.8
60c54000-60e88000 r-xp 00000000 b3:02 388959     /usr/lib/R/lib/libR.so
60e88000-60e98000 ---p 00234000 b3:02 388959     /usr/lib/R/lib/libR.so
60e98000-60ea8000 r--p 00234000 b3:02 388959     /usr/lib/R/lib/libR.so
60ea8000-60eb2000 rw-p 00244000 b3:02 388959     /usr/lib/R/lib/libR.so
60eb2000-61000000 rw-p 00000000 00:00 0 
61000000-61029000 rw-p 00000000 00:00 0 
61029000-61100000 ---p 00000000 00:00 0 
61111000-61120000 r-xp 00000000 b3:02 436        /lib/arm-linux-gnueabihf/libbz2.so.1.0.4
61120000-6112f000 ---p 0000f000 b3:02 436        /lib/arm-linux-gnueabihf/libbz2.so.1.0.4
6112f000-61130000 r--p 0000e000 b3:02 436        /lib/arm-linux-gnueabihf/libbz2.so.1.0.4
61130000-61131000 rw-p 0000f000 b3:02 436        /lib/arm-linux-gnueabihf/libbz2.so.1.0.4
61131000-61151000 r-xp 00000000 b3:02 464        /lib/arm-linux-gnueabihf/liblzma.so.5.2.2
61151000-61160000 ---p 00020000 b3:02 464        /lib/arm-linux-gnueabihf/liblzma.so.5.2.2
61160000-61161000 r--p 0001f000 b3:02 464        /lib/arm-linux-gnueabihf/liblzma.so.5.2.2
61161000-61162000 rw-p 00020000 b3:02 464        /lib/arm-linux-gnueabihf/liblzma.so.5.2.2
61162000-611ca000 r-xp 00000000 b3:02 493        /lib/arm-linux-gnueabihf/libpcre.so.3.13.3
611ca000-611d9000 ---p 00068000 b3:02 493        /lib/arm-linux-gnueabihf/libpcre.so.3.13.3
611d9000-611da000 r--p 00067000 b3:02 493        /lib/arm-linux-gnueabihf/libpcre.so.3.13.3
611da000-611db000 rw-p 00068000 b3:02 493        /lib/arm-linux-gnueabihf/libpcre.so.3.13.3
611db000-6123b000 rw-p 00000000 00:00 0 
6123b000-612db000 ---p 00000000 00:00 0 
612db000-612ec000 r-xp 00000000 b3:02 504        /lib/arm-linux-gnueabihf/libresolv-2.24.so
612ec000-612fc000 ---p 00011000 b3:02 504        /lib/arm-linux-gnueabihf/libresolv-2.24.so
612fc000-612fd000 r--p 00011000 b3:02 504        /lib/arm-linux-gnueabihf/libresolv-2.24.so
612fd000-612fe000 rw-p 00012000 b3:02 504        /lib/arm-linux-gnueabihf/libresolv-2.24.so
612fe000-61300000 rw-p 00000000 00:00 0 
61300000-613cf000 rw-p 00000000 00:00 0 
613cf000-61400000 ---p 00000000 00:00 0 
61405000-6140c000 r-xp 00000000 b3:02 395434     /usr/local/lib/R/site-library/rJava/jri/libjri.so
6140c000-6141b000 ---p 00007000 b3:02 395434     /usr/local/lib/R/site-library/rJava/jri/libjri.so
6141b000-6141c000 r--p 00006000 b3:02 395434     /usr/local/lib/R/site-library/rJava/jri/libjri.so
6141c000-6141d000 rw-p 00007000 b3:02 395434     /usr/local/lib/R/site-library/rJava/jri/libjri.so
6141d000-61421000 r-xp 00000000 b3:02 477        /lib/arm-linux-gnueabihf/libnss_dns-2.24.so
61421000-61430000 ---p 00004000 b3:02 477        /lib/arm-linux-gnueabihf/libnss_dns-2.24.so
61430000-61431000 r--p 00003000 b3:02 477        /lib/arm-linux-gnueabihf/libnss_dns-2.24.so
61431000-61432000 rw-p 00004000 b3:02 477        /lib/arm-linux-gnueabihf/libnss_dns-2.24.so
61448000-6144b000 ---p 00000000 00:00 0 
6144b000-61498000 rwxp 00000000 00:00 0 
61498000-6149b000 ---p 00000000 00:00 0 
6149b000-614e8000 rwxp 00000000 00:00 0 
614e8000-614eb000 ---p 00000000 00:00 0 
614eb000-61538000 rwxp 00000000 00:00 0 
61538000-61638000 rw-p 00000000 00:00 0 
61638000-6163b000 ---p 00000000 00:00 0 
6163b000-61688000 rwxp 00000000 00:00 0 
61688000-61689000 ---p 00000000 00:00 0 
61689000-61e88000 rwxp 00000000 00:00 0 
61e88000-61e9a000 r-xp 00000000 b3:02 29233      /tmp/libpi4j1480367369329757542.so
61e9a000-61eaa000 ---p 00012000 b3:02 29233      /tmp/libpi4j1480367369329757542.so
61eaa000-61eab000 rw-p 00012000 b3:02 29233      /tmp/libpi4j1480367369329757542.so
61eab000-61faf000 rw-p 00000000 00:00 0 
61faf000-61fb2000 ---p 00000000 00:00 0 
61fb2000-61fff000 rwxp 00000000 00:00 0 
61fff000-620ff000 rw-p 00000000 00:00 0 
620ff000-63d00000 rw-p 00000000 00:00 0 
63d00000-63dfd000 rw-p 00000000 00:00 0 
63dfd000-63e00000 ---p 00000000 00:00 0 
63e05000-63e21000 r--s 00393000 b3:02 391233     /opt/jdk1.8.0_151/jre/lib/ext/cldrdata.jar
63e21000-63e77000 r-xp 00000000 b3:02 391255     /opt/jdk1.8.0_151/jre/lib/arm/libt2k.so
63e77000-63e7f000 ---p 00056000 b3:02 391255     /opt/jdk1.8.0_151/jre/lib/arm/libt2k.so
63e7f000-63e83000 rw-p 00056000 b3:02 391255     /opt/jdk1.8.0_151/jre/lib/arm/libt2k.so
63e83000-63e88000 rw-p 00000000 00:00 0 
63e88000-63e9b000 r-xp 00000000 b3:02 391528     /opt/jdk1.8.0_151/jre/lib/arm/libnet.so
63e9b000-63ea3000 ---p 00013000 b3:02 391528     /opt/jdk1.8.0_151/jre/lib/arm/libnet.so
63ea3000-63ea4000 rw-p 00013000 b3:02 391528     /opt/jdk1.8.0_151/jre/lib/arm/libnet.so
63ea4000-63ef1000 r-xp 00000000 b3:02 391529     /opt/jdk1.8.0_151/jre/lib/arm/libfontmanager.so
63ef1000-63ef8000 ---p 0004d000 b3:02 391529     /opt/jdk1.8.0_151/jre/lib/arm/libfontmanager.so
63ef8000-63efb000 rw-p 0004c000 b3:02 391529     /opt/jdk1.8.0_151/jre/lib/arm/libfontmanager.so
63efb000-64000000 rw-p 00000000 00:00 0 
64000000-64100000 rw-p 00000000 00:00 0 
64100000-64103000 ---p 00000000 00:00 0 
64103000-64150000 rwxp 00000000 00:00 0 
64150000-64153000 ---p 00000000 00:00 0 
64153000-641a0000 rwxp 00000000 00:00 0 
641a0000-641a3000 ---p 00000000 00:00 0 
641a3000-641f0000 rwxp 00000000 00:00 0 
641f0000-641f4000 r-xp 00000000 b3:02 148231     /usr/lib/arm-linux-gnueabihf/libXfixes.so.3.1.0
641f4000-64203000 ---p 00004000 b3:02 148231     /usr/lib/arm-linux-gnueabihf/libXfixes.so.3.1.0
64203000-64204000 r--p 00003000 b3:02 148231     /usr/lib/arm-linux-gnueabihf/libXfixes.so.3.1.0
64204000-64205000 rw-p 00004000 b3:02 148231     /usr/lib/arm-linux-gnueabihf/libXfixes.so.3.1.0
64205000-6420d000 r-xp 00000000 b3:02 148227     /usr/lib/arm-linux-gnueabihf/libXcursor.so.1.0.2
6420d000-6421c000 ---p 00008000 b3:02 148227     /usr/lib/arm-linux-gnueabihf/libXcursor.so.1.0.2
6421c000-6421d000 r--p 00007000 b3:02 148227     /usr/lib/arm-linux-gnueabihf/libXcursor.so.1.0.2
6421d000-6421e000 rw-p 00008000 b3:02 148227     /usr/lib/arm-linux-gnueabihf/libXcursor.so.1.0.2
6421e000-64221000 ---p 00000000 00:00 0 
64221000-6426e000 rwxp 00000000 00:00 0 
6426e000-64286000 r-xp 00000000 b3:02 435        /lib/arm-linux-gnueabihf/libbsd.so.0.8.3
64286000-64295000 ---p 00018000 b3:02 435        /lib/arm-linux-gnueabihf/libbsd.so.0.8.3
64295000-64296000 r--p 00017000 b3:02 435        /lib/arm-linux-gnueabihf/libbsd.so.0.8.3
64296000-64297000 rw-p 00018000 b3:02 435        /lib/arm-linux-gnueabihf/libbsd.so.0.8.3
64297000-6429b000 r-xp 00000000 b3:02 148229     /usr/lib/arm-linux-gnueabihf/libXdmcp.so.6.0.0
6429b000-642aa000 ---p 00004000 b3:02 148229     /usr/lib/arm-linux-gnueabihf/libXdmcp.so.6.0.0
642aa000-642ab000 r--p 00003000 b3:02 148229     /usr/lib/arm-linux-gnueabihf/libXdmcp.so.6.0.0
642ab000-642ac000 rw-p 00004000 b3:02 148229     /usr/lib/arm-linux-gnueabihf/libXdmcp.so.6.0.0
642ac000-642ca000 r-xp 00000000 b3:02 148816     /usr/lib/arm-linux-gnueabihf/libxcb.so.1.1.0
642ca000-642d9000 ---p 0001e000 b3:02 148816     /usr/lib/arm-linux-gnueabihf/libxcb.so.1.1.0
642d9000-642da000 r--p 0001d000 b3:02 148816     /usr/lib/arm-linux-gnueabihf/libxcb.so.1.1.0
642da000-642db000 rw-p 0001e000 b3:02 148816     /usr/lib/arm-linux-gnueabihf/libxcb.so.1.1.0
642db000-642e8000 r-xp 00000000 b3:02 148235     /usr/lib/arm-linux-gnueabihf/libXi.so.6.1.0
642e8000-642f7000 ---p 0000d000 b3:02 148235     /usr/lib/arm-linux-gnueabihf/libXi.so.6.1.0
642f7000-642f8000 r--p 0000c000 b3:02 148235     /usr/lib/arm-linux-gnueabihf/libXi.so.6.1.0
642f8000-642f9000 rw-p 0000d000 b3:02 148235     /usr/lib/arm-linux-gnueabihf/libXi.so.6.1.0
642f9000-642fd000 r-xp 00000000 b3:02 148245     /usr/lib/arm-linux-gnueabihf/libXtst.so.6.1.0
642fd000-6430c000 ---p 00004000 b3:02 148245     /usr/lib/arm-linux-gnueabihf/libXtst.so.6.1.0
6430c000-6430d000 r--p 00003000 b3:02 148245     /usr/lib/arm-linux-gnueabihf/libXtst.so.6.1.0
6430d000-6430e000 rw-p 00004000 b3:02 148245     /usr/lib/arm-linux-gnueabihf/libXtst.so.6.1.0
6430e000-6441d000 r-xp 00000000 b3:02 148222     /usr/lib/arm-linux-gnueabihf/libX11.so.6.3.0
6441d000-6442d000 ---p 0010f000 b3:02 148222     /usr/lib/arm-linux-gnueabihf/libX11.so.6.3.0
6442d000-6442e000 r--p 0010f000 b3:02 148222     /usr/lib/arm-linux-gnueabihf/libX11.so.6.3.0
6442e000-64431000 rw-p 00110000 b3:02 148222     /usr/lib/arm-linux-gnueabihf/libX11.so.6.3.0
64431000-6443f000 r-xp 00000000 b3:02 148230     /usr/lib/arm-linux-gnueabihf/libXext.so.6.4.0
6443f000-6444e000 ---p 0000e000 b3:02 148230     /usr/lib/arm-linux-gnueabihf/libXext.so.6.4.0
6444e000-6444f000 r--p 0000d000 b3:02 148230     /usr/lib/arm-linux-gnueabihf/libXext.so.6.4.0
6444f000-64450000 rw-p 0000e000 b3:02 148230     /usr/lib/arm-linux-gnueabihf/libXext.so.6.4.0
64450000-644cd000 r-xp 00000000 b3:02 391195     /opt/jdk1.8.0_151/jre/lib/arm/libawt.so
644cd000-644d5000 ---p 0007d000 b3:02 391195     /opt/jdk1.8.0_151/jre/lib/arm/libawt.so
644d5000-644dc000 rw-p 0007d000 b3:02 391195     /opt/jdk1.8.0_151/jre/lib/arm/libawt.so
644dc000-64500000 rw-p 00000000 00:00 0 
64500000-64524000 rw-p 00000000 00:00 0 
64524000-64600000 ---p 00000000 00:00 0 
64600000-646ac000 rw-p 00000000 00:00 0 
646ac000-64700000 ---p 00000000 00:00 0 
64700000-647fd000 rw-p 00000000 00:00 0 
647fd000-64800000 ---p 00000000 00:00 0 
64800000-64801000 ---p 00000000 00:00 0 
64801000-64880000 rwxp 00000000 00:00 0 
64880000-64883000 ---p 00000000 00:00 0 
64883000-64900000 rwxp 00000000 00:00 0 
64900000-64921000 rw-p 00000000 00:00 0 
64921000-64a00000 ---p 00000000 00:00 0 
64a00000-64a02000 r-xp 00000000 b3:02 482        /lib/arm-linux-gnueabihf/libnss_mdns4_minimal.so.2
64a02000-64a11000 ---p 00002000 b3:02 482        /lib/arm-linux-gnueabihf/libnss_mdns4_minimal.so.2
64a11000-64a12000 r--p 00001000 b3:02 482        /lib/arm-linux-gnueabihf/libnss_mdns4_minimal.so.2
64a12000-64a13000 rw-p 00002000 b3:02 482        /lib/arm-linux-gnueabihf/libnss_mdns4_minimal.so.2
64a13000-64a5b000 r-xp 00000000 b3:02 391209     /opt/jdk1.8.0_151/jre/lib/arm/libawt_xawt.so
64a5b000-64a62000 ---p 00048000 b3:02 391209     /opt/jdk1.8.0_151/jre/lib/arm/libawt_xawt.so
64a62000-64a64000 rw-p 00047000 b3:02 391209     /opt/jdk1.8.0_151/jre/lib/arm/libawt_xawt.so
64a64000-64a65000 rw-p 00000000 00:00 0 
64a65000-64c00000 r--p 00000000 b3:02 154790     /usr/lib/locale/locale-archive
64c00000-64d00000 rw-p 00000000 00:00 0 
64d00000-64d21000 rw-p 00000000 00:00 0 
64d21000-64e00000 ---p 00000000 00:00 0 
64e0b000-64e10000 rw-s 00000000 00:05 2359305    /SYSV00000000 (deleted)
64e10000-64e13000 ---p 00000000 00:00 0 
64e13000-64e60000 rwxp 00000000 00:00 0 
64e60000-64e63000 ---p 00000000 00:00 0 
64e63000-64eb0000 rwxp 00000000 00:00 0 
64eb0000-64eb3000 ---p 00000000 00:00 0 
64eb3000-64f00000 rwxp 00000000 00:00 0 
64f00000-64f21000 rw-p 00000000 00:00 0 
64f21000-65000000 ---p 00000000 00:00 0 
65004000-65008000 rw-s 00000000 00:05 2392072    /SYSV00000000 (deleted)
65008000-65009000 rw-s 3f100000 00:06 1027       /dev/mem
65009000-65013000 r--s 00116000 b3:02 391231     /opt/jdk1.8.0_151/jre/lib/ext/localedata.jar
65013000-65016000 ---p 00000000 00:00 0 
65016000-65063000 rwxp 00000000 00:00 0 
65063000-65064000 ---p 00000000 00:00 0 
65064000-650e3000 rwxp 00000000 00:00 0 
650e3000-65132000 rw-p 00000000 00:00 0 
65132000-6530b000 r--s 03d5a000 b3:02 391268     /opt/jdk1.8.0_151/jre/lib/rt.jar
6530b000-657ac000 rw-p 00000000 00:00 0 
657ac000-657b2000 ---p 00000000 00:00 0 
657b2000-657b8000 rw-p 00000000 00:00 0 
657b8000-65800000 ---p 00000000 00:00 0 
65800000-65d40000 rw-p 00000000 00:00 0 
65d40000-6a540000 ---p 00000000 00:00 0 
6a540000-6b000000 rw-p 00000000 00:00 0 
6b000000-74000000 ---p 00000000 00:00 0 
74000000-74005000 r--s 0009a000 b3:02 391178     /opt/jdk1.8.0_151/jre/lib/jsse.jar
74005000-7400d000 r-xp 00000000 b3:02 148242     /usr/lib/arm-linux-gnueabihf/libXrender.so.1.3.0
7400d000-7401c000 ---p 00008000 b3:02 148242     /usr/lib/arm-linux-gnueabihf/libXrender.so.1.3.0
7401c000-7401d000 r--p 00007000 b3:02 148242     /usr/lib/arm-linux-gnueabihf/libXrender.so.1.3.0
7401d000-7401e000 rw-p 00008000 b3:02 148242     /usr/lib/arm-linux-gnueabihf/libXrender.so.1.3.0
7401e000-7402c000 r-xp 00000000 b3:02 391237     /opt/jdk1.8.0_151/jre/lib/arm/libnio.so
7402c000-74033000 ---p 0000e000 b3:02 391237     /opt/jdk1.8.0_151/jre/lib/arm/libnio.so
74033000-74034000 rw-p 0000d000 b3:02 391237     /opt/jdk1.8.0_151/jre/lib/arm/libnio.so
74034000-74037000 rw-p 00000000 00:00 0 
74037000-7405a000 ---p 00000000 00:00 0 
7405a000-74060000 rw-p 00000000 00:00 0 
74060000-740a8000 ---p 00000000 00:00 0 
740a8000-740af000 rw-p 00000000 00:00 0 
740af000-74129000 ---p 00000000 00:00 0 
74129000-74289000 rwxp 00000000 00:00 0 
74289000-76129000 ---p 00000000 00:00 0 
76129000-76141000 r-xp 00000000 b3:02 391196     /opt/jdk1.8.0_151/jre/lib/arm/libzip.so
76141000-76148000 ---p 00018000 b3:02 391196     /opt/jdk1.8.0_151/jre/lib/arm/libzip.so
76148000-76149000 rw-p 00017000 b3:02 391196     /opt/jdk1.8.0_151/jre/lib/arm/libzip.so
76149000-76152000 r-xp 00000000 b3:02 478        /lib/arm-linux-gnueabihf/libnss_files-2.24.so
76152000-76161000 ---p 00009000 b3:02 478        /lib/arm-linux-gnueabihf/libnss_files-2.24.so
76161000-76162000 r--p 00008000 b3:02 478        /lib/arm-linux-gnueabihf/libnss_files-2.24.so
76162000-76163000 rw-p 00009000 b3:02 478        /lib/arm-linux-gnueabihf/libnss_files-2.24.so
76163000-76169000 rw-p 00000000 00:00 0 
76169000-76172000 r-xp 00000000 b3:02 486        /lib/arm-linux-gnueabihf/libnss_nis-2.24.so
76172000-76181000 ---p 00009000 b3:02 486        /lib/arm-linux-gnueabihf/libnss_nis-2.24.so
76181000-76182000 r--p 00008000 b3:02 486        /lib/arm-linux-gnueabihf/libnss_nis-2.24.so
76182000-76183000 rw-p 00009000 b3:02 486        /lib/arm-linux-gnueabihf/libnss_nis-2.24.so
76183000-76194000 r-xp 00000000 b3:02 475        /lib/arm-linux-gnueabihf/libnsl-2.24.so
76194000-761a3000 ---p 00011000 b3:02 475        /lib/arm-linux-gnueabihf/libnsl-2.24.so
761a3000-761a4000 r--p 00010000 b3:02 475        /lib/arm-linux-gnueabihf/libnsl-2.24.so
761a4000-761a5000 rw-p 00011000 b3:02 475        /lib/arm-linux-gnueabihf/libnsl-2.24.so
761a5000-761a7000 rw-p 00000000 00:00 0 
761a7000-761ad000 r-xp 00000000 b3:02 476        /lib/arm-linux-gnueabihf/libnss_compat-2.24.so
761ad000-761bc000 ---p 00006000 b3:02 476        /lib/arm-linux-gnueabihf/libnss_compat-2.24.so
761bc000-761bd000 r--p 00005000 b3:02 476        /lib/arm-linux-gnueabihf/libnss_compat-2.24.so
761bd000-761be000 rw-p 00006000 b3:02 476        /lib/arm-linux-gnueabihf/libnss_compat-2.24.so
761be000-761bf000 rw-s 3f101000 00:06 1027       /dev/mem
761bf000-761c0000 rw-s 3f20c000 00:06 1027       /dev/mem
761c0000-761c1000 rw-s 3f200000 00:06 1027       /dev/mem
761c1000-761c2000 r--p 00000000 b3:02 204961     /usr/share/locale/en_GB/LC_MESSAGES/libc.mo
761c2000-761c4000 r-xp 00000000 b3:02 148224     /usr/lib/arm-linux-gnueabihf/libXau.so.6.0.0
761c4000-761cb000 ---p 00002000 b3:02 148224     /usr/lib/arm-linux-gnueabihf/libXau.so.6.0.0
761cb000-761cc000 r--p 00001000 b3:02 148224     /usr/lib/arm-linux-gnueabihf/libXau.so.6.0.0
761cc000-761cd000 rw-p 00002000 b3:02 148224     /usr/lib/arm-linux-gnueabihf/libXau.so.6.0.0
761cd000-761d4000 r--s 0007d000 b3:02 396089     /root/.m2/repository/com/pi4j/pi4j-core/1.1/pi4j-core-1.1.jar
761d4000-761f7000 r-xp 00000000 b3:02 391203     /opt/jdk1.8.0_151/jre/lib/arm/libjava.so
761f7000-761ff000 ---p 00023000 b3:02 391203     /opt/jdk1.8.0_151/jre/lib/arm/libjava.so
761ff000-76200000 rw-p 00023000 b3:02 391203     /opt/jdk1.8.0_151/jre/lib/arm/libjava.so
76200000-762ff000 rw-p 00000000 00:00 0 
762ff000-76300000 ---p 00000000 00:00 0 
76300000-76305000 r--s 00045000 b3:02 396088     /root/.m2/repository/org/twitter4j/twitter4j-core/4.0.4/twitter4j-core-4.0.4.jar
76305000-76307000 r--s 00006000 b3:02 396087     /root/.m2/repository/commons-codec/commons-codec/1.2/commons-codec-1.2.jar
76307000-7630d000 r--s 00045000 b3:02 396079     /root/.m2/repository/commons-httpclient/commons-httpclient/3.1/commons-httpclient-3.1.jar
7630d000-76312000 r--s 002f9000 b3:02 391175     /opt/jdk1.8.0_151/jre/lib/charsets.jar
76312000-76318000 r-xp 00000000 b3:02 505        /lib/arm-linux-gnueabihf/librt-2.24.so
76318000-76327000 ---p 00006000 b3:02 505        /lib/arm-linux-gnueabihf/librt-2.24.so
76327000-76328000 r--p 00005000 b3:02 505        /lib/arm-linux-gnueabihf/librt-2.24.so
76328000-76329000 rw-p 00006000 b3:02 505        /lib/arm-linux-gnueabihf/librt-2.24.so
76329000-7632c000 ---p 00000000 00:00 0 
7632c000-76379000 rwxp 00000000 00:00 0 
76379000-763e6000 r-xp 00000000 b3:02 466        /lib/arm-linux-gnueabihf/libm-2.24.so
763e6000-763f6000 ---p 0006d000 b3:02 466        /lib/arm-linux-gnueabihf/libm-2.24.so
763f6000-763f7000 r--p 0006d000 b3:02 466        /lib/arm-linux-gnueabihf/libm-2.24.so
763f7000-763f8000 rw-p 0006e000 b3:02 466        /lib/arm-linux-gnueabihf/libm-2.24.so
763f8000-76983000 r-xp 00000000 b3:02 391525     /opt/jdk1.8.0_151/jre/lib/arm/client/libjvm.so
76983000-7698a000 ---p 0058b000 b3:02 391525     /opt/jdk1.8.0_151/jre/lib/arm/client/libjvm.so
7698a000-769b6000 rw-p 0058a000 b3:02 391525     /opt/jdk1.8.0_151/jre/lib/arm/client/libjvm.so
769b6000-76ddd000 rw-p 00000000 00:00 0 
76ddd000-76df9000 r-xp 00000000 b3:02 453        /lib/arm-linux-gnueabihf/libgcc_s.so.1
76df9000-76e08000 ---p 0001c000 b3:02 453        /lib/arm-linux-gnueabihf/libgcc_s.so.1
76e08000-76e09000 r--p 0001b000 b3:02 453        /lib/arm-linux-gnueabihf/libgcc_s.so.1
76e09000-76e0a000 rw-p 0001c000 b3:02 453        /lib/arm-linux-gnueabihf/libgcc_s.so.1
76e0a000-76f34000 r-xp 00000000 b3:02 437        /lib/arm-linux-gnueabihf/libc-2.24.so
76f34000-76f43000 ---p 0012a000 b3:02 437        /lib/arm-linux-gnueabihf/libc-2.24.so
76f43000-76f45000 r--p 00129000 b3:02 437        /lib/arm-linux-gnueabihf/libc-2.24.so
76f45000-76f46000 rw-p 0012b000 b3:02 437        /lib/arm-linux-gnueabihf/libc-2.24.so
76f46000-76f49000 rw-p 00000000 00:00 0 
76f49000-76f4b000 r-xp 00000000 b3:02 446        /lib/arm-linux-gnueabihf/libdl-2.24.so
76f4b000-76f5a000 ---p 00002000 b3:02 446        /lib/arm-linux-gnueabihf/libdl-2.24.so
76f5a000-76f5b000 r--p 00001000 b3:02 446        /lib/arm-linux-gnueabihf/libdl-2.24.so
76f5b000-76f5c000 rw-p 00002000 b3:02 446        /lib/arm-linux-gnueabihf/libdl-2.24.so
76f5c000-76f71000 r-xp 00000000 b3:02 395413     /opt/jdk1.8.0_151/lib/arm/jli/libjli.so
76f71000-76f78000 ---p 00015000 b3:02 395413     /opt/jdk1.8.0_151/lib/arm/jli/libjli.so
76f78000-76f79000 rw-p 00014000 b3:02 395413     /opt/jdk1.8.0_151/lib/arm/jli/libjli.so
76f79000-76f8f000 r-xp 00000000 b3:02 501        /lib/arm-linux-gnueabihf/libpthread-2.24.so
76f8f000-76f9e000 ---p 00016000 b3:02 501        /lib/arm-linux-gnueabihf/libpthread-2.24.so
76f9e000-76f9f000 r--p 00015000 b3:02 501        /lib/arm-linux-gnueabihf/libpthread-2.24.so
76f9f000-76fa0000 rw-p 00016000 b3:02 501        /lib/arm-linux-gnueabihf/libpthread-2.24.so
76fa0000-76fa2000 rw-p 00000000 00:00 0 
76fa2000-76fa4000 r--s 00008000 b3:02 396086     /root/.m2/repository/commons-logging/commons-logging/1.0.4/commons-logging-1.0.4.jar
76fa4000-76fa6000 r--s 00013000 b3:02 395537     /usr/local/lib/R/site-library/rJava/jri/JRI.jar
76fa6000-76faf000 r-xp 00000000 b3:02 391346     /opt/jdk1.8.0_151/jre/lib/arm/libverify.so
76faf000-76fb7000 ---p 00009000 b3:02 391346     /opt/jdk1.8.0_151/jre/lib/arm/libverify.so
76fb7000-76fb8000 rw-p 00009000 b3:02 391346     /opt/jdk1.8.0_151/jre/lib/arm/libverify.so
76fb8000-76fbd000 r-xp 00000000 b3:02 148256     /usr/lib/arm-linux-gnueabihf/libarmmem.so
76fbd000-76fcc000 ---p 00005000 b3:02 148256     /usr/lib/arm-linux-gnueabihf/libarmmem.so
76fcc000-76fcd000 rw-p 00004000 b3:02 148256     /usr/lib/arm-linux-gnueabihf/libarmmem.so
76fcd000-76fee000 r-xp 00000000 b3:02 389        /lib/arm-linux-gnueabihf/ld-2.24.so
76fee000-76fef000 r--s 00007000 b3:02 395539     /usr/local/lib/R/site-library/rJava/jri/REngine.jar
76fef000-76ff7000 rw-s 00000000 b3:02 388100     /tmp/hsperfdata_root/1186
76ff7000-76ff8000 r--p 00000000 00:00 0 
76ff8000-76ffd000 rw-p 00000000 00:00 0 
76ffd000-76ffe000 r--p 00020000 b3:02 389        /lib/arm-linux-gnueabihf/ld-2.24.so
76ffe000-76fff000 rw-p 00021000 b3:02 389        /lib/arm-linux-gnueabihf/ld-2.24.so
7e803000-7e824000 rwxp 00000000 00:00 0          [stack]
7e8a7000-7e8a8000 r-xp 00000000 00:00 0          [sigpage]
7e8a8000-7e8a9000 r--p 00000000 00:00 0          [vvar]
7e8a9000-7e8aa000 r-xp 00000000 00:00 0          [vdso]
ffff0000-ffff1000 r-xp 00000000 00:00 0          [vectors]

VM Arguments:
jvm_args: -Djava.library.path=/usr/local/lib/R/site-library/rJava/jri:/usr/local/lib/R/site-library/rJava/jri -Dfile.encoding=UTF-8 
java_command: org.yamaLab.pukiwikiCommunicator.FukuyamaWB4Pi.WikiBotV1Gui
java_class_path (initial): /home/pi/workspace/FukuyamaWB4PiR/target/classes:/usr/local/lib/R/site-library/rJava/jri/JRI.jar:/usr/local/lib/R/site-library/rJava/jri/REngine.jar:/root/.m2/repository/commons-httpclient/commons-httpclient/3.1/commons-httpclient-3.1.jar:/root/.m2/repository/commons-logging/commons-logging/1.0.4/commons-logging-1.0.4.jar:/root/.m2/repository/commons-codec/commons-codec/1.2/commons-codec-1.2.jar:/root/.m2/repository/org/twitter4j/twitter4j-core/4.0.4/twitter4j-core-4.0.4.jar:/root/.m2/repository/com/pi4j/pi4j-core/1.1/pi4j-core-1.1.jar
Launcher Type: SUN_STANDARD

Environment Variables:
PATH=/usr/local/sbin:/usr/local/bin:/usr/sbin:/usr/bin:/sbin:/bin
USERNAME=root
SHELL=/bin/bash
DISPLAY=:0.0

Signal Handlers:
SIGSEGV: [libjvm.so+0x50d11c], sa_mask[0]=11111111011111111101111111111110, sa_flags=SA_RESTART|SA_SIGINFO
SIGBUS: [libjvm.so+0x50d11c], sa_mask[0]=11111111011111111101111111111110, sa_flags=SA_RESTART|SA_SIGINFO
SIGFPE: [libjvm.so+0x402cbc], sa_mask[0]=11111111011111111101111111111110, sa_flags=SA_RESTART|SA_SIGINFO
SIGPIPE: [libjvm.so+0x402cbc], sa_mask[0]=11111111011111111101111111111110, sa_flags=SA_RESTART|SA_SIGINFO
SIGXFSZ: [libjvm.so+0x402cbc], sa_mask[0]=11111111011111111101111111111110, sa_flags=SA_RESTART|SA_SIGINFO
SIGILL: [libjvm.so+0x402cbc], sa_mask[0]=11111111011111111101111111111110, sa_flags=SA_RESTART|SA_SIGINFO
SIGUSR1: SIG_DFL, sa_mask[0]=00000000000000000000000000000000, sa_flags=none
SIGUSR2: [libjvm.so+0x402e20], sa_mask[0]=00100000000000000000000000000000, sa_flags=SA_RESTART|SA_SIGINFO
SIGHUP: [libjvm.so+0x403254], sa_mask[0]=11111111011111111101111111111110, sa_flags=SA_RESTART|SA_SIGINFO
SIGINT: [libjvm.so+0x403254], sa_mask[0]=11111111011111111101111111111110, sa_flags=SA_RESTART|SA_SIGINFO
SIGTERM: [libjvm.so+0x403254], sa_mask[0]=11111111011111111101111111111110, sa_flags=SA_RESTART|SA_SIGINFO
SIGQUIT: [libjvm.so+0x403254], sa_mask[0]=11111111011111111101111111111110, sa_flags=SA_RESTART|SA_SIGINFO


---------------  S Y S T E M  ---------------

OS:PRETTY_NAME="Raspbian GNU/Linux 9 (stretch)"
NAME="Raspbian GNU/Linux"
VERSION_ID="9"
VERSION="9 (stretch)"
ID=raspbian
ID_LIKE=debian
HOME_URL="http://www.raspbian.org/"
SUPPORT_URL="http://www.raspbian.org/RaspbianForums"
BUG_REPORT_URL="http://www.raspbian.org/RaspbianBugs"

uname:Linux 4.4.50-v7+ #970 SMP Mon Feb 20 19:18:29 GMT 2017 armv7l
libc:glibc 2.24 NPTL 2.24 
rlimit: STACK 8192k, CORE 0k, NPROC 7336, NOFILE 1048576, AS infinity
load average:2.40 1.48 0.69

/proc/meminfo:
MemTotal:         947732 kB
MemFree:          119676 kB
MemAvailable:     550520 kB
Buffers:           43816 kB
Cached:           447336 kB
SwapCached:            0 kB
Active:           514724 kB
Inactive:         273064 kB
Active(anon):     297000 kB
Inactive(anon):    26152 kB
Active(file):     217724 kB
Inactive(file):   246912 kB
Unevictable:           0 kB
Mlocked:               0 kB
SwapTotal:        102396 kB
SwapFree:         102396 kB
Dirty:              9044 kB
Writeback:             0 kB
AnonPages:        296764 kB
Mapped:            86260 kB
Shmem:             26468 kB
Slab:              23704 kB
SReclaimable:      14332 kB
SUnreclaim:         9372 kB
KernelStack:        2040 kB
PageTables:         3356 kB
NFS_Unstable:          0 kB
Bounce:                0 kB
WritebackTmp:          0 kB
CommitLimit:      576260 kB
Committed_AS:    1139996 kB
VmallocTotal:    1114112 kB
VmallocUsed:           0 kB
VmallocChunk:          0 kB
CmaTotal:           8192 kB
CmaFree:            3724 kB


CPU:total 4 (initial active 4) (ARMv7), vfp

/proc/cpuinfo:
processor	: 0
model name	: ARMv7 Processor rev 4 (v7l)
BogoMIPS	: 76.80
Features	: half thumb fastmult vfp edsp neon vfpv3 tls vfpv4 idiva idivt vfpd32 lpae evtstrm crc32 
CPU implementer	: 0x41
CPU architecture: 7
CPU variant	: 0x0
CPU part	: 0xd03
CPU revision	: 4

processor	: 1
model name	: ARMv7 Processor rev 4 (v7l)
BogoMIPS	: 76.80
Features	: half thumb fastmult vfp edsp neon vfpv3 tls vfpv4 idiva idivt vfpd32 lpae evtstrm crc32 
CPU implementer	: 0x41
CPU architecture: 7
CPU variant	: 0x0
CPU part	: 0xd03
CPU revision	: 4

processor	: 2
model name	: ARMv7 Processor rev 4 (v7l)
BogoMIPS	: 76.80
Features	: half thumb fastmult vfp edsp neon vfpv3 tls vfpv4 idiva idivt vfpd32 lpae evtstrm crc32 
CPU implementer	: 0x41
CPU architecture: 7
CPU variant	: 0x0
CPU part	: 0xd03
CPU revision	: 4

processor	: 3
model name	: ARMv7 Processor rev 4 (v7l)
BogoMIPS	: 76.80
Features	: half thumb fastmult vfp edsp neon vfpv3 tls vfpv4 idiva idivt vfpd32 lpae evtstrm crc32 
CPU implementer	: 0x41
CPU architecture: 7
CPU variant	: 0x0
CPU part	: 0xd03
CPU revision	: 4

Hardware	: BCM2709
Revision	: a32082
Serial		: 000000009df467eb


Memory: 4k page, physical 947732k(119676k free), swap 102396k(102396k free)

vm_info: Java HotSpot(TM) Client VM (25.151-b12) for linux-arm-vfp-hflt JRE (1.8.0_151-b12), built on Sep  5 2017 20:05:55 by "java_re" with gcc 4.7.2 20120910 (prerelease)

time: Tue Dec  5 00:17:33 2017
elapsed time: 9 seconds (0d 0h 0m 9s)

