#
# There is insufficient memory for the Java Runtime Environment to continue.
# Native memory allocation (mmap) failed to map 85614592 bytes for committing reserved memory.
# Possible reasons:
#   The system is out of physical RAM or swap space
#   In 32 bit mode, the process size limit was hit
# Possible solutions:
#   Reduce memory load on the system
#   Increase physical memory or swap space
#   Check if swap backing store is full
#   Use 64 bit Java on a 64 bit OS
#   Decrease Java heap size (-Xmx/-Xms)
#   Decrease number of Java threads
#   Decrease Java thread stack sizes (-Xss)
#   Set larger code cache with -XX:ReservedCodeCacheSize=
# This output file may be truncated or incomplete.
#
#  Out of Memory Error (os_linux.cpp:2627), pid=1223, tid=861774960
#
# JRE version: Java(TM) SE Runtime Environment (8.0_65-b17) (build 1.8.0_65-b17)
# Java VM: Java HotSpot(TM) Client VM (25.65-b01 mixed mode linux-arm )
# Failed to write core dump. Core dumps have been disabled. To enable core dumping, try "ulimit -c unlimited" before starting Java again
#

---------------  T H R E A D  ---------------

Current thread (0x7615dc00):  VMThread [stack: 0x3355b000,0x335db000] [id=1229]

Stack: [0x3355b000,0x335db000]
VM_Operation (0x2bf6f554): GenCollectForAllocation, mode: safepoint, requested by thread 0x33441800


---------------  P R O C E S S  ---------------

Java Threads: ( => current thread )
  0x3343b400 JavaThread "Thread-116" [_thread_blocked, id=1523, stack(0x2b865000,0x2b8b5000)]
  0x33443000 JavaThread "Thread-114" [_thread_blocked, id=1519, stack(0x2b8b5000,0x2b905000)]
  0x33448800 JavaThread "Thread-112" [_thread_blocked, id=1516, stack(0x2b905000,0x2b955000)]
  0x33423400 JavaThread "Thread-110" [_thread_blocked, id=1513, stack(0x2b955000,0x2b9a5000)]
  0x33423000 JavaThread "Thread-108" [_thread_blocked, id=1511, stack(0x2b9a5000,0x2b9f5000)]
  0x33446400 JavaThread "Thread-106" [_thread_blocked, id=1509, stack(0x2bd10000,0x2bd60000)]
  0x33440c00 JavaThread "Thread-104" [_thread_blocked, id=1507, stack(0x2bd60000,0x2bdb0000)]
  0x33442800 JavaThread "Thread-102" [_thread_blocked, id=1505, stack(0x2bdb0000,0x2be00000)]
  0x33427400 JavaThread "Thread-100" [_thread_blocked, id=1500, stack(0x3040f000,0x3045f000)]
  0x33417000 JavaThread "Thread-98" [_thread_blocked, id=1497, stack(0x2cabb000,0x2cb0b000)]
  0x33441800 JavaThread "Thread-87" [_thread_blocked, id=1479, stack(0x2bf21000,0x2bf71000)]
  0x33438000 JavaThread "Thread-85" [_thread_blocked, id=1472, stack(0x2cb1d000,0x2cb6d000)]
  0x32a88c00 JavaThread "Thread-4" [_thread_blocked, id=1245, stack(0x2ffb0000,0x30000000)]
  0x30368400 JavaThread "PukiwikiCommunicator" [_thread_blocked, id=1241, stack(0x3045f000,0x304af000)]
  0x331ad000 JavaThread "TimerQueue" daemon [_thread_blocked, id=1240, stack(0x304af000,0x304ff000)]
  0x76107c00 JavaThread "DestroyJavaVM" [_thread_blocked, id=1224, stack(0x7628e000,0x762de000)]
  0x32a43800 JavaThread "AWT-EventQueue-0" [_thread_blocked, id=1239, stack(0x32645000,0x32695000)]
  0x32a42400 JavaThread "AWT-Shutdown" [_thread_blocked, id=1238, stack(0x32695000,0x326e5000)]
  0x32a3f800 JavaThread "AWT-XAWT" daemon [_thread_blocked, id=1237, stack(0x326e5000,0x32735000)]
  0x32a2cc00 JavaThread "Java2D Disposer" daemon [_thread_blocked, id=1236, stack(0x32779000,0x327c9000)]
  0x76184000 JavaThread "Service Thread" daemon [_thread_blocked, id=1234, stack(0x33310000,0x33360000)]
  0x76180c00 JavaThread "C1 CompilerThread0" daemon [_thread_blocked, id=1233, stack(0x32f67000,0x32fe7000)]
  0x7617f000 JavaThread "Signal Dispatcher" daemon [_thread_blocked, id=1232, stack(0x33360000,0x333b0000)]
  0x76162400 JavaThread "Finalizer" daemon [_thread_blocked, id=1231, stack(0x333b0000,0x33400000)]
  0x76160c00 JavaThread "Reference Handler" daemon [_thread_blocked, id=1230, stack(0x3350b000,0x3355b000)]

Other Threads:
=>0x7615dc00 VMThread [stack: 0x3355b000,0x335db000] [id=1229]
  0x76185c00 WatcherThread [stack: 0x32b80000,0x32c00000] [id=1235]

VM state:at safepoint (normal execution)

VM Mutex/Monitor currently owned by a thread:  ([mutex/lock_event])
[0x76104ff0] Threads_lock - owner thread: 0x7615dc00
[0x76105400] Heap_lock - owner thread: 0x33441800

Heap:
 def new generation   total 159616K, used 0K [0x34000000, 0x3ed20000, 0x49540000)
  eden space 141952K,   0% used [0x34000000, 0x34000000, 0x3caa0000)
  from space 17664K,   0% used [0x3caa0000, 0x3caa0000, 0x3dbe0000)
  to   space 17664K,   0% used [0x3dbe0000, 0x3dbe0000, 0x3ed20000)
 tenured generation   total 357596K, used 264720K [0x49540000, 0x5f277000, 0x74000000)
   the space 357596K,  74% used [0x49540000, 0x597c4080, 0x597c4200, 0x5f277000)
 Metaspace       used 9635K, capacity 9840K, committed 10008K, reserved 10544K

Card table byte_map: [0x33dff000,0x34000000] byte_map_base: 0x33c5f000

Polling page: 0x76f51000

CodeCache: size=32768Kb used=2939Kb max_used=3346Kb free=29828Kb
 bounds [0x7409d000, 0x743e5000, 0x7609d000]
 total_blobs=1481 nmethods=1213 adapters=199
 compilation: enabled

Compilation events (10 events):
Event: 4059.437 Thread 0x76180c00 1947             sun.net.www.ParseUtil::encodePath (336 bytes)
Event: 4060.533 Thread 0x76180c00 nmethod 1947 0x741d60c8 code [0x741d6240, 0x741d6890]
Event: 4078.218 Thread 0x76180c00 1948             sun.text.bidi.BidiBase::directionFromFlags (51 bytes)
Event: 4078.220 Thread 0x76180c00 nmethod 1948 0x74216888 code [0x74216970, 0x74216a78]
Event: 4078.223 Thread 0x76180c00 1949             sun.text.bidi.BidiBase::DirPropFlag (4 bytes)
Event: 4078.224 Thread 0x76180c00 nmethod 1949 0x7424e608 code [0x7424e6e0, 0x7424e768]
Event: 4137.682 Thread 0x76180c00 1950             javax.swing.text.PlainDocument::getDefaultRootElement (5 bytes)
Event: 4138.041 Thread 0x76180c00 nmethod 1950 0x741d5f08 code [0x741d5fe0, 0x741d6068]
Event: 4138.494 Thread 0x76180c00 1951             javax.swing.text.PlainDocument::getParagraphElement (19 bytes)
Event: 4138.496 Thread 0x76180c00 nmethod 1951 0x741d5cc8 code [0x741d5dc0, 0x741d5e90]

GC Heap History (10 events):
Event: 4168.450 GC heap after
Heap after GC invocations=18911 (full 23):
 def new generation   total 159616K, used 956K [0x34000000, 0x3ed20000, 0x49540000)
  eden space 141952K,   0% used [0x34000000, 0x34000000, 0x3caa0000)
  from space 17664K,   5% used [0x3dbe0000, 0x3dccf320, 0x3ed20000)
  to   space 17664K,   0% used [0x3caa0000, 0x3caa0000, 0x3dbe0000)
 tenured generation   total 354340K, used 347161K [0x49540000, 0x5ef49000, 0x74000000)
   the space 354340K,  97% used [0x49540000, 0x5e846560, 0x5e846600, 0x5ef49000)
 Metaspace       used 9635K, capacity 9840K, committed 10008K, reserved 10544K
}
Event: 4168.796 GC heap before
{Heap before GC invocations=18911 (full 23):
 def new generation   total 159616K, used 142661K [0x34000000, 0x3ed20000, 0x49540000)
  eden space 141952K,  99% used [0x34000000, 0x3ca62188, 0x3caa0000)
  from space 17664K,   5% used [0x3dbe0000, 0x3dccf320, 0x3ed20000)
  to   space 17664K,   0% used [0x3caa0000, 0x3caa0000, 0x3dbe0000)
 tenured generation   total 354340K, used 347161K [0x49540000, 0x5ef49000, 0x74000000)
   the space 354340K,  97% used [0x49540000, 0x5e846560, 0x5e846600, 0x5ef49000)
 Metaspace       used 9635K, capacity 9840K, committed 10008K, reserved 10544K
Event: 4168.801 GC heap after
Heap after GC invocations=18912 (full 23):
 def new generation   total 159616K, used 956K [0x34000000, 0x3ed20000, 0x49540000)
  eden space 141952K,   0% used [0x34000000, 0x34000000, 0x3caa0000)
  from space 17664K,   5% used [0x3caa0000, 0x3cb8f320, 0x3dbe0000)
  to   space 17664K,   0% used [0x3dbe0000, 0x3dbe0000, 0x3ed20000)
 tenured generation   total 354340K, used 347161K [0x49540000, 0x5ef49000, 0x74000000)
   the space 354340K,  97% used [0x49540000, 0x5e846560, 0x5e846600, 0x5ef49000)
 Metaspace       used 9635K, capacity 9840K, committed 10008K, reserved 10544K
}
Event: 4169.202 GC heap before
{Heap before GC invocations=18912 (full 23):
 def new generation   total 159616K, used 142647K [0x34000000, 0x3ed20000, 0x49540000)
  eden space 141952K,  99% used [0x34000000, 0x3ca5e970, 0x3caa0000)
  from space 17664K,   5% used [0x3caa0000, 0x3cb8f320, 0x3dbe0000)
  to   space 17664K,   0% used [0x3dbe0000, 0x3dbe0000, 0x3ed20000)
 tenured generation   total 354340K, used 347161K [0x49540000, 0x5ef49000, 0x74000000)
   the space 354340K,  97% used [0x49540000, 0x5e846560, 0x5e846600, 0x5ef49000)
 Metaspace       used 9635K, capacity 9840K, committed 10008K, reserved 10544K
Event: 4169.208 GC heap after
Heap after GC invocations=18913 (full 23):
 def new generation   total 159616K, used 956K [0x34000000, 0x3ed20000, 0x49540000)
  eden space 141952K,   0% used [0x34000000, 0x34000000, 0x3caa0000)
  from space 17664K,   5% used [0x3dbe0000, 0x3dccf320, 0x3ed20000)
  to   space 17664K,   0% used [0x3caa0000, 0x3caa0000, 0x3dbe0000)
 tenured generation   total 354340K, used 347161K [0x49540000, 0x5ef49000, 0x74000000)
   the space 354340K,  97% used [0x49540000, 0x5e846560, 0x5e846600, 0x5ef49000)
 Metaspace       used 9635K, capacity 9840K, committed 10008K, reserved 10544K
}
Event: 4169.595 GC heap before
{Heap before GC invocations=18913 (full 23):
 def new generation   total 159616K, used 142482K [0x34000000, 0x3ed20000, 0x49540000)
  eden space 141952K,  99% used [0x34000000, 0x3ca35698, 0x3caa0000)
  from space 17664K,   5% used [0x3dbe0000, 0x3dccf320, 0x3ed20000)
  to   space 17664K,   0% used [0x3caa0000, 0x3caa0000, 0x3dbe0000)
 tenured generation   total 354340K, used 347161K [0x49540000, 0x5ef49000, 0x74000000)
   the space 354340K,  97% used [0x49540000, 0x5e846560, 0x5e846600, 0x5ef49000)
 Metaspace       used 9635K, capacity 9840K, committed 10008K, reserved 10544K
Event: 4169.600 GC heap after
Heap after GC invocations=18914 (full 23):
 def new generation   total 159616K, used 956K [0x34000000, 0x3ed20000, 0x49540000)
  eden space 141952K,   0% used [0x34000000, 0x34000000, 0x3caa0000)
  from space 17664K,   5% used [0x3caa0000, 0x3cb8f320, 0x3dbe0000)
  to   space 17664K,   0% used [0x3dbe0000, 0x3dbe0000, 0x3ed20000)
 tenured generation   total 354340K, used 347161K [0x49540000, 0x5ef49000, 0x74000000)
   the space 354340K,  97% used [0x49540000, 0x5e846560, 0x5e846600, 0x5ef49000)
 Metaspace       used 9635K, capacity 9840K, committed 10008K, reserved 10544K
}
Event: 4170.076 GC heap before
{Heap before GC invocations=18914 (full 23):
 def new generation   total 159616K, used 142908K [0x34000000, 0x3ed20000, 0x49540000)
  eden space 141952K, 100% used [0x34000000, 0x3caa0000, 0x3caa0000)
  from space 17664K,   5% used [0x3caa0000, 0x3cb8f320, 0x3dbe0000)
  to   space 17664K,   0% used [0x3dbe0000, 0x3dbe0000, 0x3ed20000)
 tenured generation   total 354340K, used 347161K [0x49540000, 0x5ef49000, 0x74000000)
   the space 354340K,  97% used [0x49540000, 0x5e846560, 0x5e846600, 0x5ef49000)
 Metaspace       used 9635K, capacity 9840K, committed 10008K, reserved 10544K
Event: 4170.135 GC heap after
Heap after GC invocations=18915 (full 23):
 def new generation   total 159616K, used 11289K [0x34000000, 0x3ed20000, 0x49540000)
  eden space 141952K,   0% used [0x34000000, 0x34000000, 0x3caa0000)
  from space 17664K,  63% used [0x3dbe0000, 0x3e6e6798, 0x3ed20000)
  to   space 17664K,   0% used [0x3caa0000, 0x3caa0000, 0x3dbe0000)
 tenured generation   total 354340K, used 347161K [0x49540000, 0x5ef49000, 0x74000000)
   the space 354340K,  97% used [0x49540000, 0x5e846560, 0x5e846600, 0x5ef49000)
 Metaspace       used 9635K, capacity 9840K, committed 10008K, reserved 10544K
}
Event: 4170.408 GC heap before
{Heap before GC invocations=18915 (full 23):
 def new generation   total 159616K, used 153207K [0x34000000, 0x3ed20000, 0x49540000)
  eden space 141952K,  99% used [0x34000000, 0x3ca97528, 0x3caa0000)
  from space 17664K,  63% used [0x3dbe0000, 0x3e6e6798, 0x3ed20000)
  to   space 17664K,   0% used [0x3caa0000, 0x3caa0000, 0x3dbe0000)
 tenured generation   total 354340K, used 347161K [0x49540000, 0x5ef49000, 0x74000000)
   the space 354340K,  97% used [0x49540000, 0x5e846560, 0x5e846600, 0x5ef49000)
 Metaspace       used 9635K, capacity 9840K, committed 10008K, reserved 10544K

Deoptimization events (0 events):
No events

Internal exceptions (10 events):
Event: 3531.857 Thread 0x33441800 Exception <a 'java/lang/ClassCastException': org.yamaLab.pukiwikiCommunicator.language.Symbol cannot be cast to org.yamaLab.pukiwikiCommunicator.language.MyNumber> (0x35be2810) thrown at [/HUDSON/workspace/8-2-build-glinux-arm-vfp-hflt/jdk8u65/4987/hotspo
Event: 3531.862 Thread 0x33441800 Exception <a 'java/lang/ClassCastException'> (0x35bfc6f8) thrown at [/HUDSON/workspace/8-2-build-glinux-arm-vfp-hflt/jdk8u65/4987/hotspot/src/share/vm/runtime/sharedRuntime.cpp, line 605]
Event: 3531.865 Thread 0x33441800 Exception <a 'java/lang/ClassCastException'> (0x35c17810) thrown at [/HUDSON/workspace/8-2-build-glinux-arm-vfp-hflt/jdk8u65/4987/hotspot/src/share/vm/runtime/sharedRuntime.cpp, line 605]
Event: 3531.869 Thread 0x33441800 Exception <a 'java/lang/ClassCastException'> (0x35c31308) thrown at [/HUDSON/workspace/8-2-build-glinux-arm-vfp-hflt/jdk8u65/4987/hotspot/src/share/vm/runtime/sharedRuntime.cpp, line 605]
Event: 3531.872 Thread 0x33441800 Exception <a 'java/lang/ClassCastException'> (0x35dad030) thrown at [/HUDSON/workspace/8-2-build-glinux-arm-vfp-hflt/jdk8u65/4987/hotspot/src/share/vm/runtime/sharedRuntime.cpp, line 605]
Event: 3531.876 Thread 0x33441800 Exception <a 'java/lang/ClassCastException'> (0x35dc6e08) thrown at [/HUDSON/workspace/8-2-build-glinux-arm-vfp-hflt/jdk8u65/4987/hotspot/src/share/vm/runtime/sharedRuntime.cpp, line 605]
Event: 3531.885 Thread 0x33441800 Exception <a 'java/lang/ClassCastException'> (0x35df2878) thrown at [/HUDSON/workspace/8-2-build-glinux-arm-vfp-hflt/jdk8u65/4987/hotspot/src/share/vm/runtime/sharedRuntime.cpp, line 605]
Event: 3531.895 Thread 0x33441800 Exception <a 'java/lang/ClassCastException'> (0x35e0c5c0) thrown at [/HUDSON/workspace/8-2-build-glinux-arm-vfp-hflt/jdk8u65/4987/hotspot/src/share/vm/runtime/sharedRuntime.cpp, line 605]
Event: 3531.897 Thread 0x33441800 Exception <a 'java/lang/ClassCastException'> (0x35fd1820) thrown at [/HUDSON/workspace/8-2-build-glinux-arm-vfp-hflt/jdk8u65/4987/hotspot/src/share/vm/runtime/sharedRuntime.cpp, line 605]
Event: 3531.899 Thread 0x33441800 Exception <a 'java/lang/ClassCastException'> (0x35fe9a40) thrown at [/HUDSON/workspace/8-2-build-glinux-arm-vfp-hflt/jdk8u65/4987/hotspot/src/share/vm/runtime/sharedRuntime.cpp, line 605]

Events (10 events):
Event: 4168.450 Executing VM operation: GenCollectForAllocation done
Event: 4168.795 Executing VM operation: GenCollectForAllocation
Event: 4168.801 Executing VM operation: GenCollectForAllocation done
Event: 4169.201 Executing VM operation: GenCollectForAllocation
Event: 4169.208 Executing VM operation: GenCollectForAllocation done
Event: 4169.594 Executing VM operation: GenCollectForAllocation
Event: 4169.600 Executing VM operation: GenCollectForAllocation done
Event: 4169.911 Executing VM operation: GenCollectForAllocation
Event: 4170.135 Executing VM operation: GenCollectForAllocation done
Event: 4170.407 Executing VM operation: GenCollectForAllocation


Dynamic libraries:
00008000-00009000 r-xp 00000000 b3:02 151341     /usr/lib/jvm/jdk-8-oracle-arm32-vfp-hflt/bin/java
00010000-00011000 rw-p 00000000 b3:02 151341     /usr/lib/jvm/jdk-8-oracle-arm32-vfp-hflt/bin/java
00b37000-00c0d000 rw-p 00000000 00:00 0          [heap]
2b815000-2b818000 ---p 00000000 00:00 0 
2b818000-2b865000 rwxp 00000000 00:00 0 
2b865000-2b868000 ---p 00000000 00:00 0 
2b868000-2b8b5000 rwxp 00000000 00:00 0 
2b8b5000-2b8b8000 ---p 00000000 00:00 0 
2b8b8000-2b905000 rwxp 00000000 00:00 0 
2b905000-2b908000 ---p 00000000 00:00 0 
2b908000-2b955000 rwxp 00000000 00:00 0 
2b955000-2b958000 ---p 00000000 00:00 0 
2b958000-2b9a5000 rwxp 00000000 00:00 0 
2b9a5000-2b9a8000 ---p 00000000 00:00 0 
2b9a8000-2b9f5000 rwxp 00000000 00:00 0 
2b9f5000-2bc00000 rw-s 00000000 00:05 5767177    /SYSV00000000 (deleted)
2bc00000-2bcea000 rw-p 00000000 00:00 0 
2bcea000-2bd00000 ---p 00000000 00:00 0 
2bd10000-2bd13000 ---p 00000000 00:00 0 
2bd13000-2bd60000 rwxp 00000000 00:00 0 
2bd60000-2bd63000 ---p 00000000 00:00 0 
2bd63000-2bdb0000 rwxp 00000000 00:00 0 
2bdb0000-2bdb3000 ---p 00000000 00:00 0 
2bdb3000-2be00000 rwxp 00000000 00:00 0 
2be00000-2bea3000 rw-p 00000000 00:00 0 
2bea3000-2bf00000 ---p 00000000 00:00 0 
2bf21000-2bf24000 ---p 00000000 00:00 0 
2bf24000-2bf71000 rwxp 00000000 00:00 0 
2bf71000-2bff1000 rw-p 00000000 00:00 0 
2bff1000-2c071000 ---p 00000000 00:00 0 
2c071000-2c5b8000 r-xp 00000000 b3:02 151698     /usr/lib/lapack/liblapack.so.3.7.0
2c5b8000-2c5c7000 ---p 00547000 b3:02 151698     /usr/lib/lapack/liblapack.so.3.7.0
2c5c7000-2c5c8000 r--p 00546000 b3:02 151698     /usr/lib/lapack/liblapack.so.3.7.0
2c5c8000-2c5cb000 rw-p 00547000 b3:02 151698     /usr/lib/lapack/liblapack.so.3.7.0
2c5cb000-2c700000 rw-p 00000000 00:00 0 
2c700000-2c8ff000 rw-p 00000000 00:00 0 
2c8ff000-2c900000 ---p 00000000 00:00 0 
2c900000-2c9fa000 rw-p 00000000 00:00 0 
2c9fa000-2ca00000 ---p 00000000 00:00 0 
2ca19000-2ca4d000 r-xp 00000000 b3:02 386298     /usr/lib/R/library/graphics/libs/graphics.so
2ca4d000-2ca5c000 ---p 00034000 b3:02 386298     /usr/lib/R/library/graphics/libs/graphics.so
2ca5c000-2ca5d000 r--p 00033000 b3:02 386298     /usr/lib/R/library/graphics/libs/graphics.so
2ca5d000-2ca5e000 rw-p 00034000 b3:02 386298     /usr/lib/R/library/graphics/libs/graphics.so
2ca5e000-2ca88000 r-xp 00000000 b3:02 386259     /usr/lib/R/library/grDevices/libs/grDevices.so
2ca88000-2ca97000 ---p 0002a000 b3:02 386259     /usr/lib/R/library/grDevices/libs/grDevices.so
2ca97000-2ca9a000 r--p 00029000 b3:02 386259     /usr/lib/R/library/grDevices/libs/grDevices.so
2ca9a000-2ca9c000 rw-p 0002c000 b3:02 386259     /usr/lib/R/library/grDevices/libs/grDevices.so
2ca9c000-2ca9d000 rw-p 00000000 00:00 0 
2ca9d000-2caa5000 r-xp 00000000 b3:02 386911     /usr/lib/R/library/utils/libs/utils.so
2caa5000-2cab5000 ---p 00008000 b3:02 386911     /usr/lib/R/library/utils/libs/utils.so
2cab5000-2cab6000 r--p 00008000 b3:02 386911     /usr/lib/R/library/utils/libs/utils.so
2cab6000-2cab7000 rw-p 00009000 b3:02 386911     /usr/lib/R/library/utils/libs/utils.so
2cab7000-2cab8000 rw-p 00000000 00:00 0 
2cabb000-2cabe000 ---p 00000000 00:00 0 
2cabe000-2cb0b000 rwxp 00000000 00:00 0 
2cb0b000-2cb1d000 r--s 00345000 b3:02 151476     /usr/lib/jvm/jdk-8-oracle-arm32-vfp-hflt/jre/lib/resources.jar
2cb1d000-2cb20000 ---p 00000000 00:00 0 
2cb20000-2cb6d000 rwxp 00000000 00:00 0 
2cb6d000-2cbf3000 r-xp 00000000 b3:02 386471     /usr/lib/R/library/stats/libs/stats.so
2cbf3000-2cc03000 ---p 00086000 b3:02 386471     /usr/lib/R/library/stats/libs/stats.so
2cc03000-2cc04000 r--p 00086000 b3:02 386471     /usr/lib/R/library/stats/libs/stats.so
2cc04000-2cc05000 rw-p 00087000 b3:02 386471     /usr/lib/R/library/stats/libs/stats.so
2cc05000-2ce00000 rw-p 00000000 00:00 0 
2ce00000-2cff9000 rw-p 00000000 00:00 0 
2cff9000-2d000000 ---p 00000000 00:00 0 
2d000000-2d0ff000 rw-p 00000000 00:00 0 
2d0ff000-2d100000 ---p 00000000 00:00 0 
2d100000-2d200000 rw-p 00000000 00:00 0 
2d200000-2d300000 rw-p 00000000 00:00 0 
2d300000-2d3f9000 rw-p 00000000 00:00 0 
2d3f9000-2d400000 ---p 00000000 00:00 0 
2d406000-2d500000 rw-p 00000000 00:00 0 
2d500000-2d5ea000 rw-p 00000000 00:00 0 
2d5ea000-2d600000 ---p 00000000 00:00 0 
2d600000-2d700000 rw-p 00000000 00:00 0 
2d700000-2d800000 rw-p 00000000 00:00 0 
2d808000-2d837000 r--p 00000000 b3:02 386716     /usr/lib/R/library/translations/ja/LC_MESSAGES/R.mo
2d837000-2da76000 rw-p 00000000 00:00 0 
2da76000-2da92000 r-xp 00000000 b3:02 37393      /lib/arm-linux-gnueabihf/libtinfo.so.5.9
2da92000-2daa2000 ---p 0001c000 b3:02 37393      /lib/arm-linux-gnueabihf/libtinfo.so.5.9
2daa2000-2daa4000 r--p 0001c000 b3:02 37393      /lib/arm-linux-gnueabihf/libtinfo.so.5.9
2daa4000-2daa5000 rw-p 0001e000 b3:02 37393      /lib/arm-linux-gnueabihf/libtinfo.so.5.9
2daa5000-2dbd4000 r-xp 00000000 b3:02 148737     /usr/lib/arm-linux-gnueabihf/libstdc++.so.6.0.22
2dbd4000-2dbe4000 ---p 0012f000 b3:02 148737     /usr/lib/arm-linux-gnueabihf/libstdc++.so.6.0.22
2dbe4000-2dbe9000 r--p 0012f000 b3:02 148737     /usr/lib/arm-linux-gnueabihf/libstdc++.so.6.0.22
2dbe9000-2dbeb000 rw-p 00134000 b3:02 148737     /usr/lib/arm-linux-gnueabihf/libstdc++.so.6.0.22
2dbeb000-2dbed000 rw-p 00000000 00:00 0 
2dbed000-2f469000 r-xp 00000000 b3:02 229365     /usr/lib/arm-linux-gnueabihf/libicudata.so.57.1
2f469000-2f478000 ---p 0187c000 b3:02 229365     /usr/lib/arm-linux-gnueabihf/libicudata.so.57.1
2f478000-2f479000 r--p 0187b000 b3:02 229365     /usr/lib/arm-linux-gnueabihf/libicudata.so.57.1
2f479000-2f47a000 rw-p 0187c000 b3:02 229365     /usr/lib/arm-linux-gnueabihf/libicudata.so.57.1
2f47a000-2f4b0000 r-xp 00000000 b3:02 503        /lib/arm-linux-gnueabihf/libreadline.so.7.0
2f4b0000-2f4c0000 ---p 00036000 b3:02 503        /lib/arm-linux-gnueabihf/libreadline.so.7.0
2f4c0000-2f4c1000 r--p 00036000 b3:02 503        /lib/arm-linux-gnueabihf/libreadline.so.7.0
2f4c1000-2f4c5000 rw-p 00037000 b3:02 503        /lib/arm-linux-gnueabihf/libreadline.so.7.0
2f4c5000-2f4c6000 rw-p 00000000 00:00 0 
2f4c6000-2f569000 r-xp 00000000 b3:02 148436     /usr/lib/arm-linux-gnueabihf/libgfortran.so.3.0.0
2f569000-2f579000 ---p 000a3000 b3:02 148436     /usr/lib/arm-linux-gnueabihf/libgfortran.so.3.0.0
2f579000-2f57a000 r--p 000a3000 b3:02 148436     /usr/lib/arm-linux-gnueabihf/libgfortran.so.3.0.0
2f57a000-2f57b000 rw-p 000a4000 b3:02 148436     /usr/lib/arm-linux-gnueabihf/libgfortran.so.3.0.0
2f57b000-2f5d1000 r-xp 00000000 b3:02 151725     /usr/lib/libblas/libblas.so.3.7.0
2f5d1000-2f5e0000 ---p 00056000 b3:02 151725     /usr/lib/libblas/libblas.so.3.7.0
2f5e0000-2f5e1000 r--p 00055000 b3:02 151725     /usr/lib/libblas/libblas.so.3.7.0
2f5e1000-2f5e2000 rw-p 00056000 b3:02 151725     /usr/lib/libblas/libblas.so.3.7.0
2f5e2000-2f609000 r-xp 00000000 b3:02 148452     /usr/lib/arm-linux-gnueabihf/libgomp.so.1.0.0
2f609000-2f618000 ---p 00027000 b3:02 148452     /usr/lib/arm-linux-gnueabihf/libgomp.so.1.0.0
2f618000-2f619000 r--p 00026000 b3:02 148452     /usr/lib/arm-linux-gnueabihf/libgomp.so.1.0.0
2f619000-2f61a000 rw-p 00027000 b3:02 148452     /usr/lib/arm-linux-gnueabihf/libgomp.so.1.0.0
2f61a000-2f811000 r-xp 00000000 b3:02 229366     /usr/lib/arm-linux-gnueabihf/libicui18n.so.57.1
2f811000-2f821000 ---p 001f7000 b3:02 229366     /usr/lib/arm-linux-gnueabihf/libicui18n.so.57.1
2f821000-2f828000 r--p 001f7000 b3:02 229366     /usr/lib/arm-linux-gnueabihf/libicui18n.so.57.1
2f828000-2f82a000 rw-p 001fe000 b3:02 229366     /usr/lib/arm-linux-gnueabihf/libicui18n.so.57.1
2f82a000-2f978000 r-xp 00000000 b3:02 229372     /usr/lib/arm-linux-gnueabihf/libicuuc.so.57.1
2f978000-2f987000 ---p 0014e000 b3:02 229372     /usr/lib/arm-linux-gnueabihf/libicuuc.so.57.1
2f987000-2f991000 r--p 0014d000 b3:02 229372     /usr/lib/arm-linux-gnueabihf/libicuuc.so.57.1
2f991000-2f992000 rw-p 00157000 b3:02 229372     /usr/lib/arm-linux-gnueabihf/libicuuc.so.57.1
2f992000-2f994000 rw-p 00000000 00:00 0 
2f994000-2f9aa000 r-xp 00000000 b3:02 525        /lib/arm-linux-gnueabihf/libz.so.1.2.8
2f9aa000-2f9b9000 ---p 00016000 b3:02 525        /lib/arm-linux-gnueabihf/libz.so.1.2.8
2f9b9000-2f9ba000 r--p 00015000 b3:02 525        /lib/arm-linux-gnueabihf/libz.so.1.2.8
2f9ba000-2f9bb000 rw-p 00016000 b3:02 525        /lib/arm-linux-gnueabihf/libz.so.1.2.8
2f9bb000-2f9ca000 r-xp 00000000 b3:02 436        /lib/arm-linux-gnueabihf/libbz2.so.1.0.4
2f9ca000-2f9d9000 ---p 0000f000 b3:02 436        /lib/arm-linux-gnueabihf/libbz2.so.1.0.4
2f9d9000-2f9da000 r--p 0000e000 b3:02 436        /lib/arm-linux-gnueabihf/libbz2.so.1.0.4
2f9da000-2f9db000 rw-p 0000f000 b3:02 436        /lib/arm-linux-gnueabihf/libbz2.so.1.0.4
2f9db000-2fa43000 r-xp 00000000 b3:02 493        /lib/arm-linux-gnueabihf/libpcre.so.3.13.3
2fa43000-2fa52000 ---p 00068000 b3:02 493        /lib/arm-linux-gnueabihf/libpcre.so.3.13.3
2fa52000-2fa53000 r--p 00067000 b3:02 493        /lib/arm-linux-gnueabihf/libpcre.so.3.13.3
2fa53000-2fa54000 rw-p 00068000 b3:02 493        /lib/arm-linux-gnueabihf/libpcre.so.3.13.3
2fa54000-2fc88000 r-xp 00000000 b3:02 386043     /usr/lib/R/lib/libR.so
2fc88000-2fc98000 ---p 00234000 b3:02 386043     /usr/lib/R/lib/libR.so
2fc98000-2fca8000 r--p 00234000 b3:02 386043     /usr/lib/R/lib/libR.so
2fca8000-2fcb2000 rw-p 00244000 b3:02 386043     /usr/lib/R/lib/libR.so
2fcb2000-2fe00000 rw-p 00000000 00:00 0 
2fe00000-2ff00000 rw-p 00000000 00:00 0 
2ff04000-2ff0b000 r-xp 00000000 b3:02 386388     /usr/lib/R/library/methods/libs/methods.so
2ff0b000-2ff1a000 ---p 00007000 b3:02 386388     /usr/lib/R/library/methods/libs/methods.so
2ff1a000-2ff1b000 r--p 00006000 b3:02 386388     /usr/lib/R/library/methods/libs/methods.so
2ff1b000-2ff1c000 rw-p 00007000 b3:02 386388     /usr/lib/R/library/methods/libs/methods.so
2ff1c000-2ff3c000 r-xp 00000000 b3:02 464        /lib/arm-linux-gnueabihf/liblzma.so.5.2.2
2ff3c000-2ff4b000 ---p 00020000 b3:02 464        /lib/arm-linux-gnueabihf/liblzma.so.5.2.2
2ff4b000-2ff4c000 r--p 0001f000 b3:02 464        /lib/arm-linux-gnueabihf/liblzma.so.5.2.2
2ff4c000-2ff4d000 rw-p 00020000 b3:02 464        /lib/arm-linux-gnueabihf/liblzma.so.5.2.2
2ff53000-2ff63000 r--p 00000000 b3:02 386704     /usr/lib/R/library/translations/ja/LC_MESSAGES/R-base.mo
2ff63000-2ff74000 r-xp 00000000 b3:02 504        /lib/arm-linux-gnueabihf/libresolv-2.24.so
2ff74000-2ff84000 ---p 00011000 b3:02 504        /lib/arm-linux-gnueabihf/libresolv-2.24.so
2ff84000-2ff85000 r--p 00011000 b3:02 504        /lib/arm-linux-gnueabihf/libresolv-2.24.so
2ff85000-2ff86000 rw-p 00012000 b3:02 504        /lib/arm-linux-gnueabihf/libresolv-2.24.so
2ff86000-2ff88000 rw-p 00000000 00:00 0 
2ff88000-2ff8c000 r-xp 00000000 b3:02 477        /lib/arm-linux-gnueabihf/libnss_dns-2.24.so
2ff8c000-2ff9b000 ---p 00004000 b3:02 477        /lib/arm-linux-gnueabihf/libnss_dns-2.24.so
2ff9b000-2ff9c000 r--p 00003000 b3:02 477        /lib/arm-linux-gnueabihf/libnss_dns-2.24.so
2ff9c000-2ff9d000 rw-p 00004000 b3:02 477        /lib/arm-linux-gnueabihf/libnss_dns-2.24.so
2ff9d000-2ff9f000 r-xp 00000000 b3:02 482        /lib/arm-linux-gnueabihf/libnss_mdns4_minimal.so.2
2ff9f000-2ffae000 ---p 00002000 b3:02 482        /lib/arm-linux-gnueabihf/libnss_mdns4_minimal.so.2
2ffae000-2ffaf000 r--p 00001000 b3:02 482        /lib/arm-linux-gnueabihf/libnss_mdns4_minimal.so.2
2ffaf000-2ffb0000 rw-p 00002000 b3:02 482        /lib/arm-linux-gnueabihf/libnss_mdns4_minimal.so.2
2ffb0000-2ffb3000 ---p 00000000 00:00 0 
2ffb3000-30000000 rwxp 00000000 00:00 0 
30000000-30077000 rw-p 00000000 00:00 0 
30077000-30100000 ---p 00000000 00:00 0 
30100000-30200000 rw-p 00000000 00:00 0 
30200000-30300000 rw-p 00000000 00:00 0 
30300000-303de000 rw-p 00000000 00:00 0 
303de000-30400000 ---p 00000000 00:00 0 
3040f000-30412000 ---p 00000000 00:00 0 
30412000-3045f000 rwxp 00000000 00:00 0 
3045f000-30462000 ---p 00000000 00:00 0 
30462000-304af000 rwxp 00000000 00:00 0 
304af000-304b2000 ---p 00000000 00:00 0 
304b2000-304ff000 rwxp 00000000 00:00 0 
304ff000-305ff000 rw-p 00000000 00:00 0 
305ff000-32200000 rw-p 00000000 00:00 0 
32200000-322fd000 rw-p 00000000 00:00 0 
322fd000-32300000 ---p 00000000 00:00 0 
32301000-32308000 r-xp 00000000 b3:02 388497     /usr/local/lib/R/site-library/rJava/jri/libjri.so
32308000-32317000 ---p 00007000 b3:02 388497     /usr/local/lib/R/site-library/rJava/jri/libjri.so
32317000-32318000 r--p 00006000 b3:02 388497     /usr/local/lib/R/site-library/rJava/jri/libjri.so
32318000-32319000 rw-p 00007000 b3:02 388497     /usr/local/lib/R/site-library/rJava/jri/libjri.so
32319000-32335000 r--s 00393000 b3:02 151529     /usr/lib/jvm/jdk-8-oracle-arm32-vfp-hflt/jre/lib/ext/cldrdata.jar
32335000-32366000 rw-p 00000000 00:00 0 
32366000-323bc000 r-xp 00000000 b3:02 151517     /usr/lib/jvm/jdk-8-oracle-arm32-vfp-hflt/jre/lib/arm/libt2k.so
323bc000-323c4000 ---p 00056000 b3:02 151517     /usr/lib/jvm/jdk-8-oracle-arm32-vfp-hflt/jre/lib/arm/libt2k.so
323c4000-323c8000 rw-p 00056000 b3:02 151517     /usr/lib/jvm/jdk-8-oracle-arm32-vfp-hflt/jre/lib/arm/libt2k.so
323c8000-323cd000 rw-p 00000000 00:00 0 
323cd000-323e0000 r-xp 00000000 b3:02 151509     /usr/lib/jvm/jdk-8-oracle-arm32-vfp-hflt/jre/lib/arm/libnet.so
323e0000-323e8000 ---p 00013000 b3:02 151509     /usr/lib/jvm/jdk-8-oracle-arm32-vfp-hflt/jre/lib/arm/libnet.so
323e8000-323e9000 rw-p 00013000 b3:02 151509     /usr/lib/jvm/jdk-8-oracle-arm32-vfp-hflt/jre/lib/arm/libnet.so
323e9000-32436000 r-xp 00000000 b3:02 151488     /usr/lib/jvm/jdk-8-oracle-arm32-vfp-hflt/jre/lib/arm/libfontmanager.so
32436000-3243d000 ---p 0004d000 b3:02 151488     /usr/lib/jvm/jdk-8-oracle-arm32-vfp-hflt/jre/lib/arm/libfontmanager.so
3243d000-32440000 rw-p 0004c000 b3:02 151488     /usr/lib/jvm/jdk-8-oracle-arm32-vfp-hflt/jre/lib/arm/libfontmanager.so
32440000-32545000 rw-p 00000000 00:00 0 
32545000-32645000 rw-p 00000000 00:00 0 
32645000-32648000 ---p 00000000 00:00 0 
32648000-32695000 rwxp 00000000 00:00 0 
32695000-32698000 ---p 00000000 00:00 0 
32698000-326e5000 rwxp 00000000 00:00 0 
326e5000-326e8000 ---p 00000000 00:00 0 
326e8000-32735000 rwxp 00000000 00:00 0 
32735000-32739000 r-xp 00000000 b3:02 148231     /usr/lib/arm-linux-gnueabihf/libXfixes.so.3.1.0
32739000-32748000 ---p 00004000 b3:02 148231     /usr/lib/arm-linux-gnueabihf/libXfixes.so.3.1.0
32748000-32749000 r--p 00003000 b3:02 148231     /usr/lib/arm-linux-gnueabihf/libXfixes.so.3.1.0
32749000-3274a000 rw-p 00004000 b3:02 148231     /usr/lib/arm-linux-gnueabihf/libXfixes.so.3.1.0
3274a000-32752000 r-xp 00000000 b3:02 148227     /usr/lib/arm-linux-gnueabihf/libXcursor.so.1.0.2
32752000-32761000 ---p 00008000 b3:02 148227     /usr/lib/arm-linux-gnueabihf/libXcursor.so.1.0.2
32761000-32762000 r--p 00007000 b3:02 148227     /usr/lib/arm-linux-gnueabihf/libXcursor.so.1.0.2
32762000-32763000 rw-p 00008000 b3:02 148227     /usr/lib/arm-linux-gnueabihf/libXcursor.so.1.0.2
32763000-32771000 r-xp 00000000 b3:02 151510     /usr/lib/jvm/jdk-8-oracle-arm32-vfp-hflt/jre/lib/arm/libnio.so
32771000-32778000 ---p 0000e000 b3:02 151510     /usr/lib/jvm/jdk-8-oracle-arm32-vfp-hflt/jre/lib/arm/libnio.so
32778000-32779000 rw-p 0000d000 b3:02 151510     /usr/lib/jvm/jdk-8-oracle-arm32-vfp-hflt/jre/lib/arm/libnio.so
32779000-3277c000 ---p 00000000 00:00 0 
3277c000-327c9000 rwxp 00000000 00:00 0 
327c9000-327ef000 r--p 00000000 b3:02 206684     /usr/share/locale/ja/LC_MESSAGES/libc.mo
327ef000-32807000 r-xp 00000000 b3:02 435        /lib/arm-linux-gnueabihf/libbsd.so.0.8.3
32807000-32816000 ---p 00018000 b3:02 435        /lib/arm-linux-gnueabihf/libbsd.so.0.8.3
32816000-32817000 r--p 00017000 b3:02 435        /lib/arm-linux-gnueabihf/libbsd.so.0.8.3
32817000-32818000 rw-p 00018000 b3:02 435        /lib/arm-linux-gnueabihf/libbsd.so.0.8.3
32818000-3281c000 r-xp 00000000 b3:02 148229     /usr/lib/arm-linux-gnueabihf/libXdmcp.so.6.0.0
3281c000-3282b000 ---p 00004000 b3:02 148229     /usr/lib/arm-linux-gnueabihf/libXdmcp.so.6.0.0
3282b000-3282c000 r--p 00003000 b3:02 148229     /usr/lib/arm-linux-gnueabihf/libXdmcp.so.6.0.0
3282c000-3282d000 rw-p 00004000 b3:02 148229     /usr/lib/arm-linux-gnueabihf/libXdmcp.so.6.0.0
3282d000-3293c000 r-xp 00000000 b3:02 148222     /usr/lib/arm-linux-gnueabihf/libX11.so.6.3.0
3293c000-3294c000 ---p 0010f000 b3:02 148222     /usr/lib/arm-linux-gnueabihf/libX11.so.6.3.0
3294c000-3294d000 r--p 0010f000 b3:02 148222     /usr/lib/arm-linux-gnueabihf/libX11.so.6.3.0
3294d000-32950000 rw-p 00110000 b3:02 148222     /usr/lib/arm-linux-gnueabihf/libX11.so.6.3.0
32950000-329cd000 r-xp 00000000 b3:02 151482     /usr/lib/jvm/jdk-8-oracle-arm32-vfp-hflt/jre/lib/arm/libawt.so
329cd000-329d5000 ---p 0007d000 b3:02 151482     /usr/lib/jvm/jdk-8-oracle-arm32-vfp-hflt/jre/lib/arm/libawt.so
329d5000-329dc000 rw-p 0007d000 b3:02 151482     /usr/lib/jvm/jdk-8-oracle-arm32-vfp-hflt/jre/lib/arm/libawt.so
329dc000-32a00000 rw-p 00000000 00:00 0 
32a00000-32af7000 rw-p 00000000 00:00 0 
32af7000-32b00000 ---p 00000000 00:00 0 
32b05000-32b0a000 rw-s 00000000 00:05 7864330    /SYSV00000000 (deleted)
32b0a000-32b14000 r--s 00116000 b3:02 151533     /usr/lib/jvm/jdk-8-oracle-arm32-vfp-hflt/jre/lib/ext/localedata.jar
32b14000-32b32000 r-xp 00000000 b3:02 148816     /usr/lib/arm-linux-gnueabihf/libxcb.so.1.1.0
32b32000-32b41000 ---p 0001e000 b3:02 148816     /usr/lib/arm-linux-gnueabihf/libxcb.so.1.1.0
32b41000-32b42000 r--p 0001d000 b3:02 148816     /usr/lib/arm-linux-gnueabihf/libxcb.so.1.1.0
32b42000-32b43000 rw-p 0001e000 b3:02 148816     /usr/lib/arm-linux-gnueabihf/libxcb.so.1.1.0
32b43000-32b50000 r-xp 00000000 b3:02 148235     /usr/lib/arm-linux-gnueabihf/libXi.so.6.1.0
32b50000-32b5f000 ---p 0000d000 b3:02 148235     /usr/lib/arm-linux-gnueabihf/libXi.so.6.1.0
32b5f000-32b60000 r--p 0000c000 b3:02 148235     /usr/lib/arm-linux-gnueabihf/libXi.so.6.1.0
32b60000-32b61000 rw-p 0000d000 b3:02 148235     /usr/lib/arm-linux-gnueabihf/libXi.so.6.1.0
32b61000-32b6f000 r-xp 00000000 b3:02 148230     /usr/lib/arm-linux-gnueabihf/libXext.so.6.4.0
32b6f000-32b7e000 ---p 0000e000 b3:02 148230     /usr/lib/arm-linux-gnueabihf/libXext.so.6.4.0
32b7e000-32b7f000 r--p 0000d000 b3:02 148230     /usr/lib/arm-linux-gnueabihf/libXext.so.6.4.0
32b7f000-32b80000 rw-p 0000e000 b3:02 148230     /usr/lib/arm-linux-gnueabihf/libXext.so.6.4.0
32b80000-32b81000 ---p 00000000 00:00 0 
32b81000-32c00000 rwxp 00000000 00:00 0 
32c00000-32cfc000 rw-p 00000000 00:00 0 
32cfc000-32d00000 ---p 00000000 00:00 0 
32d00000-32dc8000 rw-p 00000000 00:00 0 
32dc8000-32e00000 ---p 00000000 00:00 0 
32e00000-32e89000 rw-p 00000000 00:00 0 
32e89000-32f00000 ---p 00000000 00:00 0 
32f00000-32f04000 r-xp 00000000 b3:02 148245     /usr/lib/arm-linux-gnueabihf/libXtst.so.6.1.0
32f04000-32f13000 ---p 00004000 b3:02 148245     /usr/lib/arm-linux-gnueabihf/libXtst.so.6.1.0
32f13000-32f14000 r--p 00003000 b3:02 148245     /usr/lib/arm-linux-gnueabihf/libXtst.so.6.1.0
32f14000-32f15000 rw-p 00004000 b3:02 148245     /usr/lib/arm-linux-gnueabihf/libXtst.so.6.1.0
32f15000-32f5c000 r-xp 00000000 b3:02 151484     /usr/lib/jvm/jdk-8-oracle-arm32-vfp-hflt/jre/lib/arm/libawt_xawt.so
32f5c000-32f64000 ---p 00047000 b3:02 151484     /usr/lib/jvm/jdk-8-oracle-arm32-vfp-hflt/jre/lib/arm/libawt_xawt.so
32f64000-32f66000 rw-p 00047000 b3:02 151484     /usr/lib/jvm/jdk-8-oracle-arm32-vfp-hflt/jre/lib/arm/libawt_xawt.so
32f66000-32f67000 rw-p 00000000 00:00 0 
32f67000-32f6a000 ---p 00000000 00:00 0 
32f6a000-32fe7000 rwxp 00000000 00:00 0 
32fe7000-33100000 r--p 00000000 b3:02 202646     /usr/lib/locale/locale-archive
33100000-33200000 rw-p 00000000 00:00 0 
33200000-3329a000 rw-p 00000000 00:00 0 
3329a000-33300000 ---p 00000000 00:00 0 
33309000-33310000 r--s 0007d000 b3:02 389804     /root/.m2/repository/com/pi4j/pi4j-core/1.1/pi4j-core-1.1.jar
33310000-33313000 ---p 00000000 00:00 0 
33313000-33360000 rwxp 00000000 00:00 0 
33360000-33363000 ---p 00000000 00:00 0 
33363000-333b0000 rwxp 00000000 00:00 0 
333b0000-333b3000 ---p 00000000 00:00 0 
333b3000-33400000 rwxp 00000000 00:00 0 
33400000-334d7000 rw-p 00000000 00:00 0 
334d7000-33500000 ---p 00000000 00:00 0 
33500000-33502000 r-xp 00000000 b3:02 148224     /usr/lib/arm-linux-gnueabihf/libXau.so.6.0.0
33502000-33509000 ---p 00002000 b3:02 148224     /usr/lib/arm-linux-gnueabihf/libXau.so.6.0.0
33509000-3350a000 r--p 00001000 b3:02 148224     /usr/lib/arm-linux-gnueabihf/libXau.so.6.0.0
3350a000-3350b000 rw-p 00002000 b3:02 148224     /usr/lib/arm-linux-gnueabihf/libXau.so.6.0.0
3350b000-3350e000 ---p 00000000 00:00 0 
3350e000-3355b000 rwxp 00000000 00:00 0 
3355b000-3355c000 ---p 00000000 00:00 0 
3355c000-335db000 rwxp 00000000 00:00 0 
335db000-3362a000 rw-p 00000000 00:00 0 
3362a000-33802000 r--s 03d20000 b3:02 151477     /usr/lib/jvm/jdk-8-oracle-arm32-vfp-hflt/jre/lib/rt.jar
33802000-33ca3000 rw-p 00000000 00:00 0 
33ca3000-33ca9000 ---p 00000000 00:00 0 
33ca9000-33d58000 rw-p 00000000 00:00 0 
33d58000-33dff000 ---p 00000000 00:00 0 
33dff000-33e56000 rw-p 00000000 00:00 0 
33e56000-33ea9000 ---p 00000000 00:00 0 
33ea9000-33f59000 rw-p 00000000 00:00 0 
33f59000-33fff000 ---p 00000000 00:00 0 
33fff000-3ed20000 rw-p 00000000 00:00 0 
3ed20000-49540000 ---p 00000000 00:00 0 
49540000-5f277000 rw-p 00000000 00:00 0 
6441d000-74000000 ---p 00000000 00:00 0 
74004000-7400c000 r-xp 00000000 b3:02 148242     /usr/lib/arm-linux-gnueabihf/libXrender.so.1.3.0
7400c000-7401b000 ---p 00008000 b3:02 148242     /usr/lib/arm-linux-gnueabihf/libXrender.so.1.3.0
7401b000-7401c000 r--p 00007000 b3:02 148242     /usr/lib/arm-linux-gnueabihf/libXrender.so.1.3.0
7401c000-7401d000 rw-p 00008000 b3:02 148242     /usr/lib/arm-linux-gnueabihf/libXrender.so.1.3.0
7401d000-7402b000 rw-p 00000000 00:00 0 
7402b000-7409d000 ---p 00000000 00:00 0 
7409d000-743e5000 rwxp 00000000 00:00 0 
743e5000-7609d000 ---p 00000000 00:00 0 
7609d000-760b4000 r-xp 00000000 b3:02 151520     /usr/lib/jvm/jdk-8-oracle-arm32-vfp-hflt/jre/lib/arm/libzip.so
760b4000-760bb000 ---p 00017000 b3:02 151520     /usr/lib/jvm/jdk-8-oracle-arm32-vfp-hflt/jre/lib/arm/libzip.so
760bb000-760bc000 rw-p 00016000 b3:02 151520     /usr/lib/jvm/jdk-8-oracle-arm32-vfp-hflt/jre/lib/arm/libzip.so
760bc000-760c5000 r-xp 00000000 b3:02 478        /lib/arm-linux-gnueabihf/libnss_files-2.24.so
760c5000-760d4000 ---p 00009000 b3:02 478        /lib/arm-linux-gnueabihf/libnss_files-2.24.so
760d4000-760d5000 r--p 00008000 b3:02 478        /lib/arm-linux-gnueabihf/libnss_files-2.24.so
760d5000-760d6000 rw-p 00009000 b3:02 478        /lib/arm-linux-gnueabihf/libnss_files-2.24.so
760d6000-760dc000 rw-p 00000000 00:00 0 
760dc000-760ed000 r-xp 00000000 b3:02 475        /lib/arm-linux-gnueabihf/libnsl-2.24.so
760ed000-760fc000 ---p 00011000 b3:02 475        /lib/arm-linux-gnueabihf/libnsl-2.24.so
760fc000-760fd000 r--p 00010000 b3:02 475        /lib/arm-linux-gnueabihf/libnsl-2.24.so
760fd000-760fe000 rw-p 00011000 b3:02 475        /lib/arm-linux-gnueabihf/libnsl-2.24.so
760fe000-76100000 rw-p 00000000 00:00 0 
76100000-761f9000 rw-p 00000000 00:00 0 
761f9000-76200000 ---p 00000000 00:00 0 
76204000-7620d000 r-xp 00000000 b3:02 486        /lib/arm-linux-gnueabihf/libnss_nis-2.24.so
7620d000-7621c000 ---p 00009000 b3:02 486        /lib/arm-linux-gnueabihf/libnss_nis-2.24.so
7621c000-7621d000 r--p 00008000 b3:02 486        /lib/arm-linux-gnueabihf/libnss_nis-2.24.so
7621d000-7621e000 rw-p 00009000 b3:02 486        /lib/arm-linux-gnueabihf/libnss_nis-2.24.so
7621e000-76224000 r-xp 00000000 b3:02 476        /lib/arm-linux-gnueabihf/libnss_compat-2.24.so
76224000-76233000 ---p 00006000 b3:02 476        /lib/arm-linux-gnueabihf/libnss_compat-2.24.so
76233000-76234000 r--p 00005000 b3:02 476        /lib/arm-linux-gnueabihf/libnss_compat-2.24.so
76234000-76235000 rw-p 00006000 b3:02 476        /lib/arm-linux-gnueabihf/libnss_compat-2.24.so
76237000-7623c000 r--s 00045000 b3:02 389803     /root/.m2/repository/org/twitter4j/twitter4j-core/4.0.4/twitter4j-core-4.0.4.jar
7623c000-7623e000 r--s 00006000 b3:02 389802     /root/.m2/repository/commons-codec/commons-codec/1.2/commons-codec-1.2.jar
7623e000-76244000 r--s 00045000 b3:02 389800     /root/.m2/repository/commons-httpclient/commons-httpclient/3.1/commons-httpclient-3.1.jar
76244000-7624b000 r--s 00000000 b3:02 16982      /usr/lib/arm-linux-gnueabihf/gconv/gconv-modules.cache
7624b000-7626e000 r-xp 00000000 b3:02 151495     /usr/lib/jvm/jdk-8-oracle-arm32-vfp-hflt/jre/lib/arm/libjava.so
7626e000-76276000 ---p 00023000 b3:02 151495     /usr/lib/jvm/jdk-8-oracle-arm32-vfp-hflt/jre/lib/arm/libjava.so
76276000-76277000 rw-p 00023000 b3:02 151495     /usr/lib/jvm/jdk-8-oracle-arm32-vfp-hflt/jre/lib/arm/libjava.so
76277000-7627d000 r-xp 00000000 b3:02 505        /lib/arm-linux-gnueabihf/librt-2.24.so
7627d000-7628c000 ---p 00006000 b3:02 505        /lib/arm-linux-gnueabihf/librt-2.24.so
7628c000-7628d000 r--p 00005000 b3:02 505        /lib/arm-linux-gnueabihf/librt-2.24.so
7628d000-7628e000 rw-p 00006000 b3:02 505        /lib/arm-linux-gnueabihf/librt-2.24.so
7628e000-76291000 ---p 00000000 00:00 0 
76291000-762de000 rwxp 00000000 00:00 0 
762de000-7634b000 r-xp 00000000 b3:02 466        /lib/arm-linux-gnueabihf/libm-2.24.so
7634b000-7635b000 ---p 0006d000 b3:02 466        /lib/arm-linux-gnueabihf/libm-2.24.so
7635b000-7635c000 r--p 0006d000 b3:02 466        /lib/arm-linux-gnueabihf/libm-2.24.so
7635c000-7635d000 rw-p 0006e000 b3:02 466        /lib/arm-linux-gnueabihf/libm-2.24.so
7635d000-768e0000 r-xp 00000000 b3:02 17959      /usr/lib/jvm/jdk-8-oracle-arm32-vfp-hflt/jre/lib/arm/client/libjvm.so
768e0000-768e8000 ---p 00583000 b3:02 17959      /usr/lib/jvm/jdk-8-oracle-arm32-vfp-hflt/jre/lib/arm/client/libjvm.so
768e8000-76914000 rw-p 00583000 b3:02 17959      /usr/lib/jvm/jdk-8-oracle-arm32-vfp-hflt/jre/lib/arm/client/libjvm.so
76914000-76d37000 rw-p 00000000 00:00 0 
76d37000-76d53000 r-xp 00000000 b3:02 453        /lib/arm-linux-gnueabihf/libgcc_s.so.1
76d53000-76d62000 ---p 0001c000 b3:02 453        /lib/arm-linux-gnueabihf/libgcc_s.so.1
76d62000-76d63000 r--p 0001b000 b3:02 453        /lib/arm-linux-gnueabihf/libgcc_s.so.1
76d63000-76d64000 rw-p 0001c000 b3:02 453        /lib/arm-linux-gnueabihf/libgcc_s.so.1
76d64000-76e8e000 r-xp 00000000 b3:02 437        /lib/arm-linux-gnueabihf/libc-2.24.so
76e8e000-76e9d000 ---p 0012a000 b3:02 437        /lib/arm-linux-gnueabihf/libc-2.24.so
76e9d000-76e9f000 r--p 00129000 b3:02 437        /lib/arm-linux-gnueabihf/libc-2.24.so
76e9f000-76ea0000 rw-p 0012b000 b3:02 437        /lib/arm-linux-gnueabihf/libc-2.24.so
76ea0000-76ea3000 rw-p 00000000 00:00 0 
76ea3000-76ea5000 r-xp 00000000 b3:02 446        /lib/arm-linux-gnueabihf/libdl-2.24.so
76ea5000-76eb4000 ---p 00002000 b3:02 446        /lib/arm-linux-gnueabihf/libdl-2.24.so
76eb4000-76eb5000 r--p 00001000 b3:02 446        /lib/arm-linux-gnueabihf/libdl-2.24.so
76eb5000-76eb6000 rw-p 00002000 b3:02 446        /lib/arm-linux-gnueabihf/libdl-2.24.so
76eb6000-76eca000 r-xp 00000000 b3:02 151572     /usr/lib/jvm/jdk-8-oracle-arm32-vfp-hflt/lib/arm/jli/libjli.so
76eca000-76ed2000 ---p 00014000 b3:02 151572     /usr/lib/jvm/jdk-8-oracle-arm32-vfp-hflt/lib/arm/jli/libjli.so
76ed2000-76ed3000 rw-p 00014000 b3:02 151572     /usr/lib/jvm/jdk-8-oracle-arm32-vfp-hflt/lib/arm/jli/libjli.so
76ed3000-76ee9000 r-xp 00000000 b3:02 501        /lib/arm-linux-gnueabihf/libpthread-2.24.so
76ee9000-76ef8000 ---p 00016000 b3:02 501        /lib/arm-linux-gnueabihf/libpthread-2.24.so
76ef8000-76ef9000 r--p 00015000 b3:02 501        /lib/arm-linux-gnueabihf/libpthread-2.24.so
76ef9000-76efa000 rw-p 00016000 b3:02 501        /lib/arm-linux-gnueabihf/libpthread-2.24.so
76efa000-76efc000 rw-p 00000000 00:00 0 
76efc000-76efe000 r--s 00008000 b3:02 389801     /root/.m2/repository/commons-logging/commons-logging/1.0.4/commons-logging-1.0.4.jar
76efe000-76f00000 r--s 00013000 b3:02 388600     /usr/local/lib/R/site-library/rJava/jri/JRI.jar
76f00000-76f09000 r-xp 00000000 b3:02 151519     /usr/lib/jvm/jdk-8-oracle-arm32-vfp-hflt/jre/lib/arm/libverify.so
76f09000-76f11000 ---p 00009000 b3:02 151519     /usr/lib/jvm/jdk-8-oracle-arm32-vfp-hflt/jre/lib/arm/libverify.so
76f11000-76f12000 rw-p 00009000 b3:02 151519     /usr/lib/jvm/jdk-8-oracle-arm32-vfp-hflt/jre/lib/arm/libverify.so
76f12000-76f17000 r-xp 00000000 b3:02 148256     /usr/lib/arm-linux-gnueabihf/libarmmem.so
76f17000-76f26000 ---p 00005000 b3:02 148256     /usr/lib/arm-linux-gnueabihf/libarmmem.so
76f26000-76f27000 rw-p 00004000 b3:02 148256     /usr/lib/arm-linux-gnueabihf/libarmmem.so
76f27000-76f48000 r-xp 00000000 b3:02 389        /lib/arm-linux-gnueabihf/ld-2.24.so
76f48000-76f49000 r--s 00007000 b3:02 388602     /usr/local/lib/R/site-library/rJava/jri/REngine.jar
76f49000-76f51000 rw-s 00000000 b3:02 394111     /tmp/hsperfdata_root/1223
76f51000-76f52000 ---p 00000000 00:00 0 
76f52000-76f57000 rw-p 00000000 00:00 0 
76f57000-76f58000 r--p 00020000 b3:02 389        /lib/arm-linux-gnueabihf/ld-2.24.so
76f58000-76f59000 rw-p 00021000 b3:02 389        /lib/arm-linux-gnueabihf/ld-2.24.so
7ef09000-7ef2a000 rwxp 00000000 00:00 0          [stack]
7efec000-7efed000 r-xp 00000000 00:00 0          [sigpage]
7efed000-7efee000 r--p 00000000 00:00 0          [vvar]
7efee000-7efef000 r-xp 00000000 00:00 0          [vdso]
ffff0000-ffff1000 r-xp 00000000 00:00 0          [vectors]

VM Arguments:
jvm_args: -Xmx1024m -Djava.library.path=/usr/local/lib/R/site-library/rJava/jri:/usr/local/lib/R/site-library/rJava/jri -Dfile.encoding=UTF-8 
java_command: org.yamaLab.pukiwikiCommunicator.FukuyamaWB4Pi.WikiBotV1Gui
java_class_path (initial): /home/pi/workspace/FukuyamaWB4PiR/target/classes:/usr/local/lib/R/site-library/rJava/jri/JRI.jar:/usr/local/lib/R/site-library/rJava/jri/REngine.jar:/root/.m2/repository/commons-httpclient/commons-httpclient/3.1/commons-httpclient-3.1.jar:/root/.m2/repository/commons-logging/commons-logging/1.0.4/commons-logging-1.0.4.jar:/root/.m2/repository/commons-codec/commons-codec/1.2/commons-codec-1.2.jar:/root/.m2/repository/org/twitter4j/twitter4j-core/4.0.4/twitter4j-core-4.0.4.jar:/root/.m2/repository/com/pi4j/pi4j-core/1.1/pi4j-core-1.1.jar
Launcher Type: SUN_STANDARD

Environment Variables:
PATH=/usr/local/sbin:/usr/local/bin:/usr/sbin:/usr/bin:/sbin:/bin
USERNAME=root
SHELL=/bin/bash
DISPLAY=:0.0

Signal Handlers:
SIGSEGV: [libjvm.so+0x506638], sa_mask[0]=11111111011111111101111111111110, sa_flags=SA_RESTART|SA_SIGINFO
SIGBUS: [libjvm.so+0x506638], sa_mask[0]=11111111011111111101111111111110, sa_flags=SA_RESTART|SA_SIGINFO
SIGFPE: [libjvm.so+0x3fd4ec], sa_mask[0]=11111111011111111101111111111110, sa_flags=SA_RESTART|SA_SIGINFO
SIGPIPE: [libjvm.so+0x3fd4ec], sa_mask[0]=11111111011111111101111111111110, sa_flags=SA_RESTART|SA_SIGINFO
SIGXFSZ: [libjvm.so+0x3fd4ec], sa_mask[0]=11111111011111111101111111111110, sa_flags=SA_RESTART|SA_SIGINFO
SIGILL: [libjvm.so+0x3fd4ec], sa_mask[0]=11111111011111111101111111111110, sa_flags=SA_RESTART|SA_SIGINFO
SIGUSR1: SIG_DFL, sa_mask[0]=00000000000000000000000000000000, sa_flags=none
SIGUSR2: [libjvm.so+0x3fd650], sa_mask[0]=00100000000000000000000000000000, sa_flags=SA_RESTART|SA_SIGINFO
SIGHUP: [libjvm.so+0x3fda84], sa_mask[0]=11111111011111111101111111111110, sa_flags=SA_RESTART|SA_SIGINFO
SIGINT: [libjvm.so+0x3fda84], sa_mask[0]=11111111011111111101111111111110, sa_flags=SA_RESTART|SA_SIGINFO
SIGTERM: [libjvm.so+0x3fda84], sa_mask[0]=11111111011111111101111111111110, sa_flags=SA_RESTART|SA_SIGINFO
SIGQUIT: [libjvm.so+0x3fda84], sa_mask[0]=11111111011111111101111111111110, sa_flags=SA_RESTART|SA_SIGINFO


---------------  S Y S T E M  ---------------

OS:PRETTY_NAME="Raspbian GNU/Linux 9 (stretch)"
NAME="Raspbian GNU/Linux"
VERSION_ID="9"
VERSION="9 (stretch)"
ID=raspbian
ID_LIKE=debian
HOME_URL="http://www.raspbian.org/"
SUPPORT_URL="http://www.raspbian.org/RaspbianForums"
BUG_REPORT_URL="http://www.raspbian.org/RaspbianBugs"

uname:Linux 4.9.41-v7+ #1023 SMP Tue Aug 8 16:00:15 BST 2017 armv7l
libc:glibc 2.24 NPTL 2.24 
rlimit: STACK 8192k, CORE 0k, NPROC 7346, NOFILE 1048576, AS infinity
load average:4.07 3.62 3.13

/proc/meminfo:
MemTotal:         949572 kB
MemFree:           38588 kB
MemAvailable:      27768 kB
Buffers:             624 kB
Cached:            29028 kB
SwapCached:         4132 kB
Active:           435912 kB
Inactive:         437792 kB
Active(anon):     427628 kB
Inactive(anon):   427672 kB
Active(file):       8284 kB
Inactive(file):    10120 kB
Unevictable:           0 kB
Mlocked:               0 kB
SwapTotal:        102396 kB
SwapFree:            748 kB
Dirty:               532 kB
Writeback:            16 kB
AnonPages:        839960 kB
Mapped:            19872 kB
Shmem:             11208 kB
Slab:              21204 kB
SReclaimable:       9104 kB
SUnreclaim:        12100 kB
KernelStack:        2152 kB
PageTables:         4560 kB
NFS_Unstable:          0 kB
Bounce:                0 kB
WritebackTmp:          0 kB
CommitLimit:      577180 kB
Committed_AS:    1704096 kB
VmallocTotal:    1114112 kB
VmallocUsed:           0 kB
VmallocChunk:          0 kB
CmaTotal:           8192 kB
CmaFree:            6736 kB


CPU:total 4 (ARMv7), vfp

/proc/cpuinfo:
processor	: 0
model name	: ARMv7 Processor rev 4 (v7l)
BogoMIPS	: 38.40
Features	: half thumb fastmult vfp edsp neon vfpv3 tls vfpv4 idiva idivt vfpd32 lpae evtstrm crc32 
CPU implementer	: 0x41
CPU architecture: 7
CPU variant	: 0x0
CPU part	: 0xd03
CPU revision	: 4

processor	: 1
model name	: ARMv7 Processor rev 4 (v7l)
BogoMIPS	: 38.40
Features	: half thumb fastmult vfp edsp neon vfpv3 tls vfpv4 idiva idivt vfpd32 lpae evtstrm crc32 
CPU implementer	: 0x41
CPU architecture: 7
CPU variant	: 0x0
CPU part	: 0xd03
CPU revision	: 4

processor	: 2
model name	: ARMv7 Processor rev 4 (v7l)
BogoMIPS	: 38.40
Features	: half thumb fastmult vfp edsp neon vfpv3 tls vfpv4 idiva idivt vfpd32 lpae evtstrm crc32 
CPU implementer	: 0x41
CPU architecture: 7
CPU variant	: 0x0
CPU part	: 0xd03
CPU revision	: 4

processor	: 3
model name	: ARMv7 Processor rev 4 (v7l)
BogoMIPS	: 38.40
Features	: half thumb fastmult vfp edsp neon vfpv3 tls vfpv4 idiva idivt vfpd32 lpae evtstrm crc32 
CPU implementer	: 0x41
CPU architecture: 7
CPU variant	: 0x0
CPU part	: 0xd03
CPU revision	: 4

Hardware	: BCM2835
Revision	: a32082
Serial		: 00000000391f83bd


Memory: 4k page, physical 949572k(38588k free), swap 102396k(748k free)

vm_info: Java HotSpot(TM) Client VM (25.65-b01) for linux-arm-vfp-hflt JRE (1.8.0_65-b17), built on Oct  6 2015 16:19:04 by "java_re" with gcc 4.7.2 20120910 (prerelease)

time: Mon Jan 15 20:10:31 2018
elapsed time: 4181 seconds (0d 1h 9m 41s)

